{"/home/travis/build/npmtest/node-npmtest-resemblejs/test.js":{"path":"/home/travis/build/npmtest/node-npmtest-resemblejs/test.js","s":{"1":2,"2":2,"3":2,"4":2,"5":2,"6":2,"7":2,"8":1,"9":2,"10":2,"11":1,"12":1,"13":1,"14":1,"15":2,"16":2,"17":2,"18":2,"19":1,"20":1,"21":2,"22":2,"23":2,"24":1,"25":1,"26":1,"27":1,"28":1,"29":1,"30":1,"31":1,"32":1,"33":1,"34":1,"35":1,"36":1,"37":1,"38":1,"39":2,"40":2,"41":1,"42":2,"43":2,"44":1,"45":2,"46":2,"47":1,"48":2,"49":2,"50":1,"51":1,"52":1,"53":1,"54":1},"b":{"1":[2,1,1,1],"2":[1,1,1,1],"3":[1,1],"4":[1,1],"5":[1,1],"6":[1,1],"7":[1,1],"8":[1,1],"9":[1,1],"10":[1,1,1],"11":[1,1],"12":[1,1],"13":[1,1],"14":[1,1],"15":[1,1],"16":[1,1],"17":[1,1]},"f":{"1":2,"2":2,"3":2,"4":2,"5":2,"6":1,"7":1,"8":1,"9":2,"10":2,"11":2,"12":2,"13":1},"fnMap":{"1":{"name":"(anonymous_1)","line":12,"loc":{"start":{"line":12,"column":1},"end":{"line":12,"column":13}}},"2":{"name":"(anonymous_2)","line":19,"loc":{"start":{"line":19,"column":5},"end":{"line":19,"column":17}}},"3":{"name":"(anonymous_3)","line":23,"loc":{"start":{"line":23,"column":24},"end":{"line":23,"column":36}}},"4":{"name":"(anonymous_4)","line":61,"loc":{"start":{"line":61,"column":5},"end":{"line":61,"column":17}}},"5":{"name":"(anonymous_5)","line":82,"loc":{"start":{"line":82,"column":5},"end":{"line":82,"column":17}}},"6":{"name":"(anonymous_6)","line":91,"loc":{"start":{"line":91,"column":77},"end":{"line":94,"column":10}}},"7":{"name":"(anonymous_7)","line":112,"loc":{"start":{"line":112,"column":83},"end":{"line":115,"column":10}},"skip":true},"8":{"name":"(anonymous_8)","line":123,"loc":{"start":{"line":123,"column":77},"end":{"line":126,"column":10}},"skip":true},"9":{"name":"(anonymous_9)","line":139,"loc":{"start":{"line":139,"column":12},"end":{"line":139,"column":40}},"skip":true},"10":{"name":"(anonymous_10)","line":147,"loc":{"start":{"line":147,"column":77},"end":{"line":150,"column":10}},"skip":true},"11":{"name":"(anonymous_11)","line":158,"loc":{"start":{"line":158,"column":83},"end":{"line":161,"column":10}},"skip":true},"12":{"name":"(anonymous_12)","line":169,"loc":{"start":{"line":169,"column":79},"end":{"line":172,"column":10}},"skip":true},"13":{"name":"(anonymous_13)","line":180,"loc":{"start":{"line":180,"column":75},"end":{"line":183,"column":10}},"skip":true}},"statementMap":{"1":{"start":{"line":12,"column":0},"end":{"line":195,"column":5}},"2":{"start":{"line":14,"column":4},"end":{"line":14,"column":14}},"3":{"start":{"line":19,"column":4},"end":{"line":56,"column":9}},"4":{"start":{"line":21,"column":8},"end":{"line":21,"column":19}},"5":{"start":{"line":23,"column":8},"end":{"line":35,"column":13}},"6":{"start":{"line":24,"column":12},"end":{"line":34,"column":13}},"7":{"start":{"line":25,"column":16},"end":{"line":28,"column":30}},"8":{"start":{"line":30,"column":16},"end":{"line":33,"column":27}},"9":{"start":{"line":37,"column":8},"end":{"line":39,"column":21}},"10":{"start":{"line":40,"column":8},"end":{"line":53,"column":9}},"11":{"start":{"line":43,"column":12},"end":{"line":46,"column":14}},"12":{"start":{"line":47,"column":12},"end":{"line":47,"column":18}},"13":{"start":{"line":50,"column":12},"end":{"line":51,"column":33}},"14":{"start":{"line":52,"column":12},"end":{"line":52,"column":18}},"15":{"start":{"line":55,"column":8},"end":{"line":55,"column":35}},"16":{"start":{"line":61,"column":4},"end":{"line":63,"column":9}},"17":{"start":{"line":62,"column":8},"end":{"line":62,"column":15}},"18":{"start":{"line":64,"column":4},"end":{"line":77,"column":5}},"19":{"start":{"line":70,"column":8},"end":{"line":70,"column":14}},"20":{"start":{"line":76,"column":8},"end":{"line":76,"column":14}},"21":{"start":{"line":82,"column":4},"end":{"line":84,"column":9}},"22":{"start":{"line":83,"column":8},"end":{"line":83,"column":15}},"23":{"start":{"line":85,"column":4},"end":{"line":194,"column":5}},"24":{"start":{"line":91,"column":8},"end":{"line":99,"column":10}},"25":{"start":{"line":98,"column":12},"end":{"line":98,"column":35}},"26":{"start":{"line":102,"column":8},"end":{"line":104,"column":63}},"27":{"start":{"line":105,"column":8},"end":{"line":105,"column":14}},"28":{"start":{"line":112,"column":8},"end":{"line":121,"column":10},"skip":true},"29":{"start":{"line":119,"column":12},"end":{"line":119,"column":55},"skip":true},"30":{"start":{"line":120,"column":12},"end":{"line":120,"column":48},"skip":true},"31":{"start":{"line":123,"column":8},"end":{"line":136,"column":10},"skip":true},"32":{"start":{"line":130,"column":12},"end":{"line":130,"column":76},"skip":true},"33":{"start":{"line":131,"column":12},"end":{"line":131,"column":73},"skip":true},"34":{"start":{"line":132,"column":12},"end":{"line":132,"column":74},"skip":true},"35":{"start":{"line":133,"column":12},"end":{"line":133,"column":79},"skip":true},"36":{"start":{"line":134,"column":12},"end":{"line":134,"column":25},"skip":true},"37":{"start":{"line":135,"column":12},"end":{"line":135,"column":45},"skip":true},"38":{"start":{"line":138,"column":8},"end":{"line":145,"column":14},"skip":true},"39":{"start":{"line":143,"column":16},"end":{"line":143,"column":29},"skip":true},"40":{"start":{"line":144,"column":16},"end":{"line":144,"column":55},"skip":true},"41":{"start":{"line":147,"column":8},"end":{"line":156,"column":10},"skip":true},"42":{"start":{"line":154,"column":12},"end":{"line":154,"column":25},"skip":true},"43":{"start":{"line":155,"column":12},"end":{"line":155,"column":45},"skip":true},"44":{"start":{"line":158,"column":8},"end":{"line":167,"column":10},"skip":true},"45":{"start":{"line":165,"column":12},"end":{"line":165,"column":25},"skip":true},"46":{"start":{"line":166,"column":12},"end":{"line":166,"column":48},"skip":true},"47":{"start":{"line":169,"column":8},"end":{"line":178,"column":10},"skip":true},"48":{"start":{"line":176,"column":12},"end":{"line":176,"column":25},"skip":true},"49":{"start":{"line":177,"column":12},"end":{"line":177,"column":46},"skip":true},"50":{"start":{"line":180,"column":8},"end":{"line":189,"column":10},"skip":true},"51":{"start":{"line":187,"column":12},"end":{"line":187,"column":94},"skip":true},"52":{"start":{"line":188,"column":12},"end":{"line":188,"column":48},"skip":true},"53":{"start":{"line":192,"column":8},"end":{"line":192,"column":35},"skip":true},"54":{"start":{"line":193,"column":8},"end":{"line":193,"column":14},"skip":true}},"branchMap":{"1":{"line":25,"type":"binary-expr","locations":[{"start":{"line":25,"column":23},"end":{"line":25,"column":62}},{"start":{"line":26,"column":20},"end":{"line":26,"column":70}},{"start":{"line":27,"column":20},"end":{"line":27,"column":71}},{"start":{"line":28,"column":20},"end":{"line":28,"column":29}}]},"2":{"line":30,"type":"binary-expr","locations":[{"start":{"line":30,"column":23},"end":{"line":30,"column":37}},{"start":{"line":31,"column":20},"end":{"line":31,"column":61}},{"start":{"line":32,"column":20},"end":{"line":32,"column":70}},{"start":{"line":33,"column":20},"end":{"line":33,"column":26}}]},"3":{"line":37,"type":"cond-expr","locations":[{"start":{"line":38,"column":14},"end":{"line":38,"column":20}},{"start":{"line":39,"column":14},"end":{"line":39,"column":20}}]},"4":{"line":40,"type":"switch","locations":[{"start":{"line":42,"column":8},"end":{"line":47,"column":18}},{"start":{"line":49,"column":8},"end":{"line":52,"column":18}}]},"5":{"line":44,"type":"binary-expr","locations":[{"start":{"line":44,"column":16},"end":{"line":44,"column":44}},{"start":{"line":44,"column":48},"end":{"line":44,"column":66}}]},"6":{"line":50,"type":"binary-expr","locations":[{"start":{"line":50,"column":21},"end":{"line":50,"column":49}},{"start":{"line":50,"column":53},"end":{"line":50,"column":72}}]},"7":{"line":64,"type":"switch","locations":[{"start":{"line":69,"column":4},"end":{"line":70,"column":14}},{"start":{"line":75,"column":4},"end":{"line":76,"column":14}}]},"8":{"line":85,"type":"switch","locations":[{"start":{"line":90,"column":4},"end":{"line":105,"column":14}},{"start":{"line":111,"column":4},"end":{"line":193,"column":14},"skip":true}]},"9":{"line":91,"type":"binary-expr","locations":[{"start":{"line":91,"column":42},"end":{"line":91,"column":73}},{"start":{"line":91,"column":77},"end":{"line":99,"column":9}}]},"10":{"line":102,"type":"binary-expr","locations":[{"start":{"line":102,"column":18},"end":{"line":102,"column":32}},{"start":{"line":103,"column":12},"end":{"line":103,"column":53}},{"start":{"line":104,"column":12},"end":{"line":104,"column":61}}]},"11":{"line":112,"type":"binary-expr","locations":[{"start":{"line":112,"column":45},"end":{"line":112,"column":79},"skip":true},{"start":{"line":112,"column":83},"end":{"line":121,"column":9},"skip":true}]},"12":{"line":123,"type":"binary-expr","locations":[{"start":{"line":123,"column":42},"end":{"line":123,"column":73},"skip":true},{"start":{"line":123,"column":77},"end":{"line":136,"column":9},"skip":true}]},"13":{"line":138,"type":"binary-expr","locations":[{"start":{"line":138,"column":48},"end":{"line":138,"column":85},"skip":true},{"start":{"line":139,"column":12},"end":{"line":145,"column":13},"skip":true}]},"14":{"line":147,"type":"binary-expr","locations":[{"start":{"line":147,"column":42},"end":{"line":147,"column":73},"skip":true},{"start":{"line":147,"column":77},"end":{"line":156,"column":9},"skip":true}]},"15":{"line":158,"type":"binary-expr","locations":[{"start":{"line":158,"column":45},"end":{"line":158,"column":79},"skip":true},{"start":{"line":158,"column":83},"end":{"line":167,"column":9},"skip":true}]},"16":{"line":169,"type":"binary-expr","locations":[{"start":{"line":169,"column":43},"end":{"line":169,"column":75},"skip":true},{"start":{"line":169,"column":79},"end":{"line":178,"column":9},"skip":true}]},"17":{"line":180,"type":"binary-expr","locations":[{"start":{"line":180,"column":41},"end":{"line":180,"column":71},"skip":true},{"start":{"line":180,"column":75},"end":{"line":189,"column":9},"skip":true}]}},"code":["/* istanbul instrument in package npmtest_resemblejs */","/*jslint","    bitwise: true,","    browser: true,","    maxerr: 8,","    maxlen: 96,","    node: true,","    nomen: true,","    regexp: true,","    stupid: true","*/","(function () {","    'use strict';","    var local;","","","","    // run shared js-env code - init-before","    (function () {","        // init local","        local = {};","        // init modeJs","        local.modeJs = (function () {","            try {","                return typeof navigator.userAgent === 'string' &&","                    typeof document.querySelector('body') === 'object' &&","                    typeof XMLHttpRequest.prototype.open === 'function' &&","                    'browser';","            } catch (errorCaughtBrowser) {","                return module.exports &&","                    typeof process.versions.node === 'string' &&","                    typeof require('http').createServer === 'function' &&","                    'node';","            }","        }());","        // init global","        local.global = local.modeJs === 'browser'","            ? window","            : global;","        switch (local.modeJs) {","        // re-init local from window.local","        case 'browser':","            local = local.global.utility2.objectSetDefault(","                local.global.utility2_rollup || local.global.local,","                local.global.utility2","            );","            break;","        // re-init local from example.js","        case 'node':","            local = (local.global.utility2_rollup || require('utility2'))","                .requireReadme();","            break;","        }","        // export local","        local.global.local = local;","    }());","","","","    // run shared js-env code - function","    (function () {","        return;","    }());","    switch (local.modeJs) {","","","","    // run browser js-env code - function","    case 'browser':","        break;","","","","    // run node js-env code - function","    case 'node':","        break;","    }","","","","    // run shared js-env code - init-after","    (function () {","        return;","    }());","    switch (local.modeJs) {","","","","    // run browser js-env code - init-after","    case 'browser':","        local.testCase_browser_nullCase = local.testCase_browser_nullCase || function (","            options,","            onError","        ) {","        /*","         * this function will test browsers's null-case handling-behavior-behavior","         */","            onError(null, options);","        };","","        // run tests","        local.nop(local.modeTest &&","            document.querySelector('#testRunButton1') &&","            document.querySelector('#testRunButton1').click());","        break;","","","","    // run node js-env code - init-after","    /* istanbul ignore next */","    case 'node':","        local.testCase_buildApidoc_default = local.testCase_buildApidoc_default || function (","            options,","            onError","        ) {","        /*","         * this function will test buildApidoc's default handling-behavior-behavior","         */","            options = { modulePathList: module.paths };","            local.buildApidoc(options, onError);","        };","","        local.testCase_buildApp_default = local.testCase_buildApp_default || function (","            options,","            onError","        ) {","        /*","         * this function will test buildApp's default handling-behavior-behavior","         */","            local.testCase_buildReadme_default(options, local.onErrorThrow);","            local.testCase_buildLib_default(options, local.onErrorThrow);","            local.testCase_buildTest_default(options, local.onErrorThrow);","            local.testCase_buildCustomOrg_default(options, local.onErrorThrow);","            options = [];","            local.buildApp(options, onError);","        };","","        local.testCase_buildCustomOrg_default = local.testCase_buildCustomOrg_default ||","            function (options, onError) {","            /*","             * this function will test buildCustomOrg's default handling-behavior","             */","                options = {};","                local.buildCustomOrg(options, onError);","            };","","        local.testCase_buildLib_default = local.testCase_buildLib_default || function (","            options,","            onError","        ) {","        /*","         * this function will test buildLib's default handling-behavior","         */","            options = {};","            local.buildLib(options, onError);","        };","","        local.testCase_buildReadme_default = local.testCase_buildReadme_default || function (","            options,","            onError","        ) {","        /*","         * this function will test buildReadme's default handling-behavior-behavior","         */","            options = {};","            local.buildReadme(options, onError);","        };","","        local.testCase_buildTest_default = local.testCase_buildTest_default || function (","            options,","            onError","        ) {","        /*","         * this function will test buildTest's default handling-behavior","         */","            options = {};","            local.buildTest(options, onError);","        };","","        local.testCase_webpage_default = local.testCase_webpage_default || function (","            options,","            onError","        ) {","        /*","         * this function will test webpage's default handling-behavior","         */","            options = { modeCoverageMerge: true, url: local.serverLocalHost + '?modeTest=1' };","            local.browserTest(options, onError);","        };","","        // run test-server","        local.testRunServer(local);","        break;","    }","}());",""],"l":{"12":2,"14":2,"19":2,"21":2,"23":2,"24":2,"25":2,"30":1,"37":2,"40":2,"43":1,"47":1,"50":1,"52":1,"55":2,"61":2,"62":2,"64":2,"70":1,"76":1,"82":2,"83":2,"85":2,"91":1,"98":1,"102":1,"105":1,"112":1,"119":1,"120":1,"123":1,"130":1,"131":1,"132":1,"133":1,"134":1,"135":1,"138":1,"143":2,"144":2,"147":1,"154":2,"155":2,"158":1,"165":2,"166":2,"169":1,"176":2,"177":2,"180":1,"187":1,"188":1,"192":1,"193":1}},"/home/travis/build/npmtest/node-npmtest-resemblejs/lib.npmtest_resemblejs.js":{"path":"/home/travis/build/npmtest/node-npmtest-resemblejs/lib.npmtest_resemblejs.js","s":{"1":2,"2":2,"3":2,"4":2,"5":2,"6":2,"7":2,"8":1,"9":2,"10":2,"11":2,"12":2,"13":1,"14":1,"15":1,"16":1},"b":{"1":[2,1,1,1],"2":[1,1,1,1],"3":[1,1],"4":[2,2],"5":[1,1]},"f":{"1":2,"2":2,"3":2},"fnMap":{"1":{"name":"(anonymous_1)","line":12,"loc":{"start":{"line":12,"column":1},"end":{"line":12,"column":13}}},"2":{"name":"(anonymous_2)","line":19,"loc":{"start":{"line":19,"column":5},"end":{"line":19,"column":17}}},"3":{"name":"(anonymous_3)","line":23,"loc":{"start":{"line":23,"column":24},"end":{"line":23,"column":36}}}},"statementMap":{"1":{"start":{"line":12,"column":0},"end":{"line":53,"column":5}},"2":{"start":{"line":14,"column":4},"end":{"line":14,"column":14}},"3":{"start":{"line":19,"column":4},"end":{"line":52,"column":9}},"4":{"start":{"line":21,"column":8},"end":{"line":21,"column":19}},"5":{"start":{"line":23,"column":8},"end":{"line":35,"column":13}},"6":{"start":{"line":24,"column":12},"end":{"line":34,"column":13}},"7":{"start":{"line":25,"column":16},"end":{"line":28,"column":30}},"8":{"start":{"line":30,"column":16},"end":{"line":33,"column":27}},"9":{"start":{"line":37,"column":8},"end":{"line":39,"column":21}},"10":{"start":{"line":41,"column":8},"end":{"line":41,"column":54}},"11":{"start":{"line":43,"column":8},"end":{"line":43,"column":55}},"12":{"start":{"line":45,"column":8},"end":{"line":51,"column":9}},"13":{"start":{"line":46,"column":12},"end":{"line":46,"column":61}},"14":{"start":{"line":48,"column":12},"end":{"line":48,"column":35}},"15":{"start":{"line":49,"column":12},"end":{"line":49,"column":49}},"16":{"start":{"line":50,"column":12},"end":{"line":50,"column":43}}},"branchMap":{"1":{"line":25,"type":"binary-expr","locations":[{"start":{"line":25,"column":23},"end":{"line":25,"column":62}},{"start":{"line":26,"column":20},"end":{"line":26,"column":70}},{"start":{"line":27,"column":20},"end":{"line":27,"column":71}},{"start":{"line":28,"column":20},"end":{"line":28,"column":29}}]},"2":{"line":30,"type":"binary-expr","locations":[{"start":{"line":30,"column":23},"end":{"line":30,"column":37}},{"start":{"line":31,"column":20},"end":{"line":31,"column":61}},{"start":{"line":32,"column":20},"end":{"line":32,"column":70}},{"start":{"line":33,"column":20},"end":{"line":33,"column":26}}]},"3":{"line":37,"type":"cond-expr","locations":[{"start":{"line":38,"column":14},"end":{"line":38,"column":20}},{"start":{"line":39,"column":14},"end":{"line":39,"column":20}}]},"4":{"line":41,"type":"binary-expr","locations":[{"start":{"line":41,"column":16},"end":{"line":41,"column":44}},{"start":{"line":41,"column":48},"end":{"line":41,"column":53}}]},"5":{"line":45,"type":"if","locations":[{"start":{"line":45,"column":8},"end":{"line":45,"column":8}},{"start":{"line":45,"column":8},"end":{"line":45,"column":8}}]}},"code":["/* istanbul instrument in package npmtest_resemblejs */","/*jslint","    bitwise: true,","    browser: true,","    maxerr: 8,","    maxlen: 96,","    node: true,","    nomen: true,","    regexp: true,","    stupid: true","*/","(function () {","    'use strict';","    var local;","","","","    // run shared js-env code - init-before","    (function () {","        // init local","        local = {};","        // init modeJs","        local.modeJs = (function () {","            try {","                return typeof navigator.userAgent === 'string' &&","                    typeof document.querySelector('body') === 'object' &&","                    typeof XMLHttpRequest.prototype.open === 'function' &&","                    'browser';","            } catch (errorCaughtBrowser) {","                return module.exports &&","                    typeof process.versions.node === 'string' &&","                    typeof require('http').createServer === 'function' &&","                    'node';","            }","        }());","        // init global","        local.global = local.modeJs === 'browser'","            ? window","            : global;","        // init utility2_rollup","        local = local.global.utility2_rollup || local;","        // init lib","        local.local = local.npmtest_resemblejs = local;","        // init exports","        if (local.modeJs === 'browser') {","            local.global.utility2_npmtest_resemblejs = local;","        } else {","            module.exports = local;","            module.exports.__dirname = __dirname;","            module.exports.module = module;","        }","    }());","}());",""],"l":{"12":2,"14":2,"19":2,"21":2,"23":2,"24":2,"25":2,"30":1,"37":2,"41":2,"43":2,"45":2,"46":1,"48":1,"49":1,"50":1}},"/home/travis/build/npmtest/node-npmtest-resemblejs/example.js":{"path":"/home/travis/build/npmtest/node-npmtest-resemblejs/example.js","s":{"1":2,"2":2,"3":2,"4":2,"5":2,"6":2,"7":2,"8":1,"9":2,"10":2,"11":2,"12":2,"13":1,"14":2,"15":2,"16":2,"17":2,"18":2,"19":0,"20":2,"21":1,"22":1,"23":1,"24":1,"25":1,"26":0,"27":0,"28":1,"29":1,"30":2,"31":0,"32":0,"33":0,"34":1,"35":2,"36":2,"37":3,"38":3,"39":3,"40":3,"41":0,"42":3,"43":3,"44":3,"45":1,"46":3,"47":1,"48":1,"49":1,"50":1,"51":1,"52":1,"53":1,"54":1,"55":1,"56":1,"57":0,"58":1,"59":6,"60":6,"61":1,"62":2,"63":0,"64":2,"65":1,"66":1,"67":0,"68":0,"69":0,"70":0,"71":0,"72":0,"73":0,"74":0,"75":0,"76":0,"77":0,"78":0,"79":0,"80":0,"81":0,"82":0,"83":0},"b":{"1":[2,1,1,1],"2":[1,1,1,1],"3":[1,1],"4":[2,2],"5":[1,1],"6":[1,1],"7":[2,0],"8":[2,1,1,1,1,1],"9":[0,2,0],"10":[1,1],"11":[2,1,1],"12":[1,0],"13":[0,2],"14":[2,0,0,0,0,0,0],"15":[0,3],"16":[3,0],"17":[1,1],"18":[0,1],"19":[1,2,0,2],"20":[1,0],"21":[1,1],"22":[0,0],"23":[0,0],"24":[0,0],"25":[0,0],"26":[0,0],"27":[0,0],"28":[0,0]},"f":{"1":2,"2":2,"3":2,"4":2,"5":2,"6":2,"7":3,"8":3,"9":3,"10":1,"11":6,"12":0},"fnMap":{"1":{"name":"(anonymous_1)","line":26,"loc":{"start":{"line":26,"column":1},"end":{"line":26,"column":13}}},"2":{"name":"(anonymous_2)","line":33,"loc":{"start":{"line":33,"column":5},"end":{"line":33,"column":17}}},"3":{"name":"(anonymous_3)","line":37,"loc":{"start":{"line":37,"column":24},"end":{"line":37,"column":36}}},"4":{"name":"(anonymous_4)","line":69,"loc":{"start":{"line":69,"column":31},"end":{"line":69,"column":48}},"skip":true},"5":{"name":"(anonymous_5)","line":78,"loc":{"start":{"line":78,"column":26},"end":{"line":78,"column":45}},"skip":true},"6":{"name":"(anonymous_6)","line":123,"loc":{"start":{"line":123,"column":33},"end":{"line":123,"column":48}},"skip":true},"7":{"name":"(anonymous_7)","line":125,"loc":{"start":{"line":125,"column":27},"end":{"line":125,"column":39}},"skip":true},"8":{"name":"(anonymous_8)","line":133,"loc":{"start":{"line":133,"column":59},"end":{"line":133,"column":74}},"skip":true},"9":{"name":"(anonymous_9)","line":143,"loc":{"start":{"line":143,"column":45},"end":{"line":143,"column":62}},"skip":true},"10":{"name":"(anonymous_10)","line":144,"loc":{"start":{"line":144,"column":73},"end":{"line":144,"column":92}},"skip":true},"11":{"name":"(anonymous_11)","line":272,"loc":{"start":{"line":272,"column":51},"end":{"line":272,"column":77}},"skip":true},"12":{"name":"(anonymous_12)","line":315,"loc":{"start":{"line":315,"column":32},"end":{"line":315,"column":61}},"skip":true}},"statementMap":{"1":{"start":{"line":26,"column":0},"end":{"line":326,"column":5}},"2":{"start":{"line":28,"column":4},"end":{"line":28,"column":14}},"3":{"start":{"line":33,"column":4},"end":{"line":60,"column":9}},"4":{"start":{"line":35,"column":8},"end":{"line":35,"column":19}},"5":{"start":{"line":37,"column":8},"end":{"line":49,"column":13}},"6":{"start":{"line":38,"column":12},"end":{"line":48,"column":13}},"7":{"start":{"line":39,"column":16},"end":{"line":42,"column":30}},"8":{"start":{"line":44,"column":16},"end":{"line":47,"column":27}},"9":{"start":{"line":51,"column":8},"end":{"line":53,"column":21}},"10":{"start":{"line":55,"column":8},"end":{"line":57,"column":45}},"11":{"start":{"line":59,"column":8},"end":{"line":59,"column":35}},"12":{"start":{"line":61,"column":4},"end":{"line":325,"column":5}},"13":{"start":{"line":69,"column":8},"end":{"line":121,"column":10},"skip":true},"14":{"start":{"line":70,"column":12},"end":{"line":88,"column":13},"skip":true},"15":{"start":{"line":76,"column":16},"end":{"line":87,"column":19},"skip":true},"16":{"start":{"line":79,"column":20},"end":{"line":86,"column":21},"skip":true},"17":{"start":{"line":82,"column":24},"end":{"line":82,"column":43},"skip":true},"18":{"start":{"line":83,"column":24},"end":{"line":83,"column":30},"skip":true},"19":{"start":{"line":85,"column":24},"end":{"line":85,"column":49},"skip":true},"20":{"start":{"line":89,"column":12},"end":{"line":107,"column":13},"skip":true},"21":{"start":{"line":92,"column":16},"end":{"line":102,"column":17},"skip":true},"22":{"start":{"line":93,"column":20},"end":{"line":93,"column":86},"skip":true},"23":{"start":{"line":94,"column":20},"end":{"line":95,"column":45},"skip":true},"24":{"start":{"line":96,"column":20},"end":{"line":96,"column":42},"skip":true},"25":{"start":{"line":97,"column":20},"end":{"line":97,"column":48},"skip":true},"26":{"start":{"line":100,"column":20},"end":{"line":100,"column":85},"skip":true},"27":{"start":{"line":101,"column":20},"end":{"line":101,"column":96},"skip":true},"28":{"start":{"line":103,"column":16},"end":{"line":103,"column":22},"skip":true},"29":{"start":{"line":106,"column":16},"end":{"line":106,"column":22},"skip":true},"30":{"start":{"line":108,"column":12},"end":{"line":120,"column":13},"skip":true},"31":{"start":{"line":114,"column":16},"end":{"line":119,"column":17},"skip":true},"32":{"start":{"line":116,"column":20},"end":{"line":116,"column":78},"skip":true},"33":{"start":{"line":118,"column":20},"end":{"line":118,"column":47},"skip":true},"34":{"start":{"line":123,"column":8},"end":{"line":141,"column":11},"skip":true},"35":{"start":{"line":124,"column":12},"end":{"line":124,"column":54},"skip":true},"36":{"start":{"line":125,"column":12},"end":{"line":140,"column":14},"skip":true},"37":{"start":{"line":126,"column":16},"end":{"line":126,"column":28},"skip":true},"38":{"start":{"line":127,"column":16},"end":{"line":127,"column":69},"skip":true},"39":{"start":{"line":128,"column":16},"end":{"line":128,"column":75},"skip":true},"40":{"start":{"line":129,"column":16},"end":{"line":131,"column":17},"skip":true},"41":{"start":{"line":130,"column":20},"end":{"line":130,"column":27},"skip":true},"42":{"start":{"line":133,"column":16},"end":{"line":137,"column":36},"skip":true},"43":{"start":{"line":134,"column":20},"end":{"line":136,"column":55},"skip":true},"44":{"start":{"line":139,"column":16},"end":{"line":139,"column":57},"skip":true},"45":{"start":{"line":143,"column":8},"end":{"line":147,"column":11},"skip":true},"46":{"start":{"line":144,"column":12},"end":{"line":146,"column":15},"skip":true},"47":{"start":{"line":145,"column":16},"end":{"line":145,"column":70},"skip":true},"48":{"start":{"line":149,"column":8},"end":{"line":149,"column":31},"skip":true},"49":{"start":{"line":150,"column":8},"end":{"line":150,"column":14},"skip":true},"50":{"start":{"line":158,"column":8},"end":{"line":158,"column":31},"skip":true},"51":{"start":{"line":160,"column":8},"end":{"line":160,"column":33},"skip":true},"52":{"start":{"line":161,"column":8},"end":{"line":161,"column":37},"skip":true},"53":{"start":{"line":162,"column":8},"end":{"line":162,"column":35},"skip":true},"54":{"start":{"line":164,"column":8},"end":{"line":164,"column":50},"skip":true},"55":{"start":{"line":166,"column":8},"end":{"line":256,"column":2},"skip":true},"56":{"start":{"line":258,"column":8},"end":{"line":286,"column":9},"skip":true},"57":{"start":{"line":259,"column":12},"end":{"line":269,"column":14},"skip":true},"58":{"start":{"line":271,"column":12},"end":{"line":285,"column":19},"skip":true},"59":{"start":{"line":274,"column":20},"end":{"line":274,"column":35},"skip":true},"60":{"start":{"line":275,"column":20},"end":{"line":284,"column":21},"skip":true},"61":{"start":{"line":277,"column":24},"end":{"line":277,"column":64},"skip":true},"62":{"start":{"line":279,"column":24},"end":{"line":279,"column":40},"skip":true},"63":{"start":{"line":281,"column":24},"end":{"line":281,"column":40},"skip":true},"64":{"start":{"line":283,"column":24},"end":{"line":283,"column":39},"skip":true},"65":{"start":{"line":288,"column":8},"end":{"line":290,"column":9},"skip":true},"66":{"start":{"line":289,"column":12},"end":{"line":289,"column":18},"skip":true},"67":{"start":{"line":291,"column":8},"end":{"line":293,"column":54},"skip":true},"68":{"start":{"line":296,"column":8},"end":{"line":301,"column":37},"skip":true},"69":{"start":{"line":303,"column":8},"end":{"line":303,"column":82},"skip":true},"70":{"start":{"line":306,"column":8},"end":{"line":308,"column":9},"skip":true},"71":{"start":{"line":307,"column":12},"end":{"line":307,"column":82},"skip":true},"72":{"start":{"line":310,"column":8},"end":{"line":312,"column":9},"skip":true},"73":{"start":{"line":311,"column":12},"end":{"line":311,"column":18},"skip":true},"74":{"start":{"line":313,"column":8},"end":{"line":313,"column":54},"skip":true},"75":{"start":{"line":314,"column":8},"end":{"line":314,"column":69},"skip":true},"76":{"start":{"line":315,"column":8},"end":{"line":323,"column":36},"skip":true},"77":{"start":{"line":316,"column":12},"end":{"line":316,"column":61},"skip":true},"78":{"start":{"line":317,"column":12},"end":{"line":320,"column":13},"skip":true},"79":{"start":{"line":318,"column":16},"end":{"line":318,"column":75},"skip":true},"80":{"start":{"line":319,"column":16},"end":{"line":319,"column":23},"skip":true},"81":{"start":{"line":321,"column":12},"end":{"line":321,"column":38},"skip":true},"82":{"start":{"line":322,"column":12},"end":{"line":322,"column":27},"skip":true},"83":{"start":{"line":324,"column":8},"end":{"line":324,"column":14},"skip":true}},"branchMap":{"1":{"line":39,"type":"binary-expr","locations":[{"start":{"line":39,"column":23},"end":{"line":39,"column":62}},{"start":{"line":40,"column":20},"end":{"line":40,"column":70}},{"start":{"line":41,"column":20},"end":{"line":41,"column":71}},{"start":{"line":42,"column":20},"end":{"line":42,"column":29}}]},"2":{"line":44,"type":"binary-expr","locations":[{"start":{"line":44,"column":23},"end":{"line":44,"column":37}},{"start":{"line":45,"column":20},"end":{"line":45,"column":61}},{"start":{"line":46,"column":20},"end":{"line":46,"column":70}},{"start":{"line":47,"column":20},"end":{"line":47,"column":26}}]},"3":{"line":51,"type":"cond-expr","locations":[{"start":{"line":52,"column":14},"end":{"line":52,"column":20}},{"start":{"line":53,"column":14},"end":{"line":53,"column":20}}]},"4":{"line":55,"type":"binary-expr","locations":[{"start":{"line":55,"column":16},"end":{"line":55,"column":44}},{"start":{"line":55,"column":49},"end":{"line":57,"column":43}}]},"5":{"line":55,"type":"cond-expr","locations":[{"start":{"line":56,"column":14},"end":{"line":56,"column":54}},{"start":{"line":57,"column":14},"end":{"line":57,"column":43}}]},"6":{"line":61,"type":"switch","locations":[{"start":{"line":68,"column":4},"end":{"line":150,"column":14},"skip":true},{"start":{"line":156,"column":4},"end":{"line":324,"column":14},"skip":true}]},"7":{"line":70,"type":"if","locations":[{"start":{"line":70,"column":12},"end":{"line":70,"column":12},"skip":true},{"start":{"line":70,"column":12},"end":{"line":70,"column":12},"skip":true}]},"8":{"line":70,"type":"binary-expr","locations":[{"start":{"line":70,"column":16},"end":{"line":70,"column":22},"skip":true},{"start":{"line":70,"column":27},"end":{"line":70,"column":32},"skip":true},{"start":{"line":71,"column":20},"end":{"line":71,"column":39},"skip":true},{"start":{"line":72,"column":20},"end":{"line":72,"column":49},"skip":true},{"start":{"line":73,"column":20},"end":{"line":73,"column":58},"skip":true},{"start":{"line":74,"column":20},"end":{"line":74,"column":69},"skip":true}]},"9":{"line":79,"type":"switch","locations":[{"start":{"line":80,"column":20},"end":{"line":80,"column":33},"skip":true},{"start":{"line":81,"column":20},"end":{"line":83,"column":30},"skip":true},{"start":{"line":84,"column":20},"end":{"line":85,"column":49},"skip":true}]},"10":{"line":89,"type":"switch","locations":[{"start":{"line":90,"column":12},"end":{"line":103,"column":22},"skip":true},{"start":{"line":105,"column":12},"end":{"line":106,"column":22},"skip":true}]},"11":{"line":89,"type":"binary-expr","locations":[{"start":{"line":89,"column":20},"end":{"line":89,"column":25},"skip":true},{"start":{"line":89,"column":29},"end":{"line":89,"column":48},"skip":true},{"start":{"line":89,"column":52},"end":{"line":89,"column":74},"skip":true}]},"12":{"line":92,"type":"if","locations":[{"start":{"line":92,"column":16},"end":{"line":92,"column":16},"skip":true},{"start":{"line":92,"column":16},"end":{"line":92,"column":16},"skip":true}]},"13":{"line":108,"type":"if","locations":[{"start":{"line":108,"column":12},"end":{"line":108,"column":12},"skip":true},{"start":{"line":108,"column":12},"end":{"line":108,"column":12},"skip":true}]},"14":{"line":108,"type":"binary-expr","locations":[{"start":{"line":108,"column":16},"end":{"line":108,"column":61},"skip":true},{"start":{"line":108,"column":66},"end":{"line":108,"column":72},"skip":true},{"start":{"line":108,"column":77},"end":{"line":108,"column":82},"skip":true},{"start":{"line":109,"column":20},"end":{"line":109,"column":39},"skip":true},{"start":{"line":110,"column":20},"end":{"line":110,"column":49},"skip":true},{"start":{"line":111,"column":20},"end":{"line":111,"column":58},"skip":true},{"start":{"line":112,"column":20},"end":{"line":112,"column":68},"skip":true}]},"15":{"line":129,"type":"if","locations":[{"start":{"line":129,"column":16},"end":{"line":129,"column":16},"skip":true},{"start":{"line":129,"column":16},"end":{"line":129,"column":16},"skip":true}]},"16":{"line":134,"type":"cond-expr","locations":[{"start":{"line":135,"column":26},"end":{"line":135,"column":29},"skip":true},{"start":{"line":136,"column":26},"end":{"line":136,"column":54},"skip":true}]},"17":{"line":164,"type":"binary-expr","locations":[{"start":{"line":164,"column":27},"end":{"line":164,"column":43},"skip":true},{"start":{"line":164,"column":47},"end":{"line":164,"column":49},"skip":true}]},"18":{"line":258,"type":"if","locations":[{"start":{"line":258,"column":8},"end":{"line":258,"column":8},"skip":true},{"start":{"line":258,"column":8},"end":{"line":258,"column":8},"skip":true}]},"19":{"line":275,"type":"switch","locations":[{"start":{"line":276,"column":20},"end":{"line":277,"column":64},"skip":true},{"start":{"line":278,"column":20},"end":{"line":279,"column":40},"skip":true},{"start":{"line":280,"column":20},"end":{"line":281,"column":40},"skip":true},{"start":{"line":282,"column":20},"end":{"line":283,"column":39},"skip":true}]},"20":{"line":288,"type":"if","locations":[{"start":{"line":288,"column":8},"end":{"line":288,"column":8},"skip":true},{"start":{"line":288,"column":8},"end":{"line":288,"column":8},"skip":true}]},"21":{"line":288,"type":"binary-expr","locations":[{"start":{"line":288,"column":12},"end":{"line":288,"column":40},"skip":true},{"start":{"line":288,"column":44},"end":{"line":288,"column":67},"skip":true}]},"22":{"line":292,"type":"binary-expr","locations":[{"start":{"line":292,"column":12},"end":{"line":292,"column":50},"skip":true},{"start":{"line":293,"column":12},"end":{"line":293,"column":53},"skip":true}]},"23":{"line":297,"type":"binary-expr","locations":[{"start":{"line":297,"column":12},"end":{"line":297,"column":68},"skip":true},{"start":{"line":298,"column":12},"end":{"line":301,"column":36},"skip":true}]},"24":{"line":303,"type":"binary-expr","locations":[{"start":{"line":303,"column":43},"end":{"line":303,"column":75},"skip":true},{"start":{"line":303,"column":79},"end":{"line":303,"column":81},"skip":true}]},"25":{"line":306,"type":"if","locations":[{"start":{"line":306,"column":8},"end":{"line":306,"column":8},"skip":true},{"start":{"line":306,"column":8},"end":{"line":306,"column":8},"skip":true}]},"26":{"line":310,"type":"if","locations":[{"start":{"line":310,"column":8},"end":{"line":310,"column":8},"skip":true},{"start":{"line":310,"column":8},"end":{"line":310,"column":8},"skip":true}]},"27":{"line":313,"type":"binary-expr","locations":[{"start":{"line":313,"column":27},"end":{"line":313,"column":43},"skip":true},{"start":{"line":313,"column":47},"end":{"line":313,"column":53},"skip":true}]},"28":{"line":317,"type":"if","locations":[{"start":{"line":317,"column":12},"end":{"line":317,"column":12},"skip":true},{"start":{"line":317,"column":12},"end":{"line":317,"column":12},"skip":true}]}},"code":["/*","example.js","","quickstart example","","instruction","    1. save this script as example.js","    2. run the shell command:","        $ npm install npmtest-resemblejs && PORT=8081 node example.js","    3. play with the browser-demo on http://127.0.0.1:8081","*/","","","","/* istanbul instrument in package npmtest_resemblejs */","/*jslint","    bitwise: true,","    browser: true,","    maxerr: 8,","    maxlen: 96,","    node: true,","    nomen: true,","    regexp: true,","    stupid: true","*/","(function () {","    'use strict';","    var local;","","","","    // run shared js-env code - init-before","    (function () {","        // init local","        local = {};","        // init modeJs","        local.modeJs = (function () {","            try {","                return typeof navigator.userAgent === 'string' &&","                    typeof document.querySelector('body') === 'object' &&","                    typeof XMLHttpRequest.prototype.open === 'function' &&","                    'browser';","            } catch (errorCaughtBrowser) {","                return module.exports &&","                    typeof process.versions.node === 'string' &&","                    typeof require('http').createServer === 'function' &&","                    'node';","            }","        }());","        // init global","        local.global = local.modeJs === 'browser'","            ? window","            : global;","        // init utility2_rollup","        local = local.global.utility2_rollup || (local.modeJs === 'browser'","            ? local.global.utility2_npmtest_resemblejs","            : global.utility2_moduleExports);","        // export local","        local.global.local = local;","    }());","    switch (local.modeJs) {","","","","    // init-after","    // run browser js-env code - init-after","    /* istanbul ignore next */","    case 'browser':","        local.testRunBrowser = function (event) {","            if (!event || (event &&","                    event.currentTarget &&","                    event.currentTarget.className &&","                    event.currentTarget.className.includes &&","                    event.currentTarget.className.includes('onreset'))) {","                // reset output","                Array.from(","                    document.querySelectorAll('body > .resettable')","                ).forEach(function (element) {","                    switch (element.tagName) {","                    case 'INPUT':","                    case 'TEXTAREA':","                        element.value = '';","                        break;","                    default:","                        element.textContent = '';","                    }","                });","            }","            switch (event && event.currentTarget && event.currentTarget.id) {","            case 'testRunButton1':","                // show tests","                if (document.querySelector('#testReportDiv1').style.display === 'none') {","                    document.querySelector('#testReportDiv1').style.display = 'block';","                    document.querySelector('#testRunButton1').textContent =","                        'hide internal test';","                    local.modeTest = true;","                    local.testRunDefault(local);","                // hide tests","                } else {","                    document.querySelector('#testReportDiv1').style.display = 'none';","                    document.querySelector('#testRunButton1').textContent = 'run internal test';","                }","                break;","            // custom-case","            default:","                break;","            }","            if (document.querySelector('#inputTextareaEval1') && (!event || (event &&","                    event.currentTarget &&","                    event.currentTarget.className &&","                    event.currentTarget.className.includes &&","                    event.currentTarget.className.includes('oneval')))) {","                // try to eval input-code","                try {","                    /*jslint evil: true*/","                    eval(document.querySelector('#inputTextareaEval1').value);","                } catch (errorCaught) {","                    console.error(errorCaught);","                }","            }","        };","        // log stderr and stdout to #outputTextareaStdout1","        ['error', 'log'].forEach(function (key) {","            console[key + '_original'] = console[key];","            console[key] = function () {","                var element;","                console[key + '_original'].apply(console, arguments);","                element = document.querySelector('#outputTextareaStdout1');","                if (!element) {","                    return;","                }","                // append text to #outputTextareaStdout1","                element.value += Array.from(arguments).map(function (arg) {","                    return typeof arg === 'string'","                        ? arg","                        : JSON.stringify(arg, null, 4);","                }).join(' ') + '\\n';","                // scroll textarea to bottom","                element.scrollTop = element.scrollHeight;","            };","        });","        // init event-handling","        ['change', 'click', 'keyup'].forEach(function (event) {","            Array.from(document.querySelectorAll('.on' + event)).forEach(function (element) {","                element.addEventListener(event, local.testRunBrowser);","            });","        });","        // run tests","        local.testRunBrowser();","        break;","","","","    // run node js-env code - init-after","    /* istanbul ignore next */","    case 'node':","        // export local","        module.exports = local;","        // require modules","        local.fs = require('fs');","        local.http = require('http');","        local.url = require('url');","        // init assets","        local.assetsDict = local.assetsDict || {};","        /* jslint-ignore-begin */","        local.assetsDict['/assets.index.template.html'] = '\\","<!doctype html>\\n\\","<html lang=\"en\">\\n\\","<head>\\n\\","<meta charset=\"UTF-8\">\\n\\","<meta name=\"viewport\" content=\"width=device-width, initial-scale=1\">\\n\\","<title>{{env.npm_package_name}} (v{{env.npm_package_version}})</title>\\n\\","<style>\\n\\","/*csslint\\n\\","    box-sizing: false,\\n\\","    universal-selector: false\\n\\","*/\\n\\","* {\\n\\","    box-sizing: border-box;\\n\\","}\\n\\","body {\\n\\","    background: #dde;\\n\\","    font-family: Arial, Helvetica, sans-serif;\\n\\","    margin: 2rem;\\n\\","}\\n\\","body > * {\\n\\","    margin-bottom: 1rem;\\n\\","}\\n\\",".utility2FooterDiv {\\n\\","    margin-top: 20px;\\n\\","    text-align: center;\\n\\","}\\n\\","</style>\\n\\","<style>\\n\\","/*csslint\\n\\","*/\\n\\","textarea {\\n\\","    font-family: monospace;\\n\\","    height: 10rem;\\n\\","    width: 100%;\\n\\","}\\n\\","textarea[readonly] {\\n\\","    background: #ddd;\\n\\","}\\n\\","</style>\\n\\","</head>\\n\\","<body>\\n\\","<!-- utility2-comment\\n\\","<div id=\"ajaxProgressDiv1\" style=\"background: #d00; height: 2px; left: 0; margin: 0; padding: 0; position: fixed; top: 0; transition: background 0.5s, width 1.5s; width: 25%;\"></div>\\n\\","utility2-comment -->\\n\\","<h1>\\n\\","<!-- utility2-comment\\n\\","    <a\\n\\","        {{#if env.npm_package_homepage}}\\n\\","        href=\"{{env.npm_package_homepage}}\"\\n\\","        {{/if env.npm_package_homepage}}\\n\\","        target=\"_blank\"\\n\\","    >\\n\\","utility2-comment -->\\n\\","        {{env.npm_package_name}} (v{{env.npm_package_version}})\\n\\","<!-- utility2-comment\\n\\","    </a>\\n\\","utility2-comment -->\\n\\","</h1>\\n\\","<h3>{{env.npm_package_description}}</h3>\\n\\","<!-- utility2-comment\\n\\","<h4><a download href=\"assets.app.js\">download standalone app</a></h4>\\n\\","<button class=\"onclick onreset\" id=\"testRunButton1\">run internal test</button><br>\\n\\","<div id=\"testReportDiv1\" style=\"display: none;\"></div>\\n\\","utility2-comment -->\\n\\","\\n\\","\\n\\","\\n\\","<label>stderr and stdout</label>\\n\\","<textarea class=\"resettable\" id=\"outputTextareaStdout1\" readonly></textarea>\\n\\","<!-- utility2-comment\\n\\","{{#if isRollup}}\\n\\","<script src=\"assets.app.js\"></script>\\n\\","{{#unless isRollup}}\\n\\","utility2-comment -->\\n\\","<script src=\"assets.utility2.rollup.js\"></script>\\n\\","<script src=\"jsonp.utility2._stateInit?callback=window.utility2._stateInit\"></script>\\n\\","<script src=\"assets.npmtest_resemblejs.rollup.js\"></script>\\n\\","<script src=\"assets.example.js\"></script>\\n\\","<script src=\"assets.test.js\"></script>\\n\\","<!-- utility2-comment\\n\\","{{/if isRollup}}\\n\\","utility2-comment -->\\n\\","<div class=\"utility2FooterDiv\">\\n\\","    [ this app was created with\\n\\","    <a href=\"https://github.com/kaizhu256/node-utility2\" target=\"_blank\">utility2</a>\\n\\","    ]\\n\\","</div>\\n\\","</body>\\n\\","</html>\\n\\","';","        /* jslint-ignore-end */","        if (local.templateRender) {","            local.assetsDict['/'] = local.templateRender(","                local.assetsDict['/assets.index.template.html'],","                {","                    env: local.objectSetDefault(local.env, {","                        npm_package_description: 'the greatest app in the world!',","                        npm_package_name: 'my-app',","                        npm_package_nameAlias: 'my_app',","                        npm_package_version: '0.0.1'","                    })","                }","            );","        } else {","            local.assetsDict['/'] = local.assetsDict['/assets.index.template.html']","                .replace((/\\{\\{env\\.(\\w+?)\\}\\}/g), function (match0, match1) {","                    // jslint-hack","                    String(match0);","                    switch (match1) {","                    case 'npm_package_description':","                        return 'the greatest app in the world!';","                    case 'npm_package_name':","                        return 'my-app';","                    case 'npm_package_nameAlias':","                        return 'my_app';","                    case 'npm_package_version':","                        return '0.0.1';","                    }","                });","        }","        // run the cli","        if (local.global.utility2_rollup || module !== require.main) {","            break;","        }","        local.assetsDict['/assets.example.js'] =","            local.assetsDict['/assets.example.js'] ||","            local.fs.readFileSync(__filename, 'utf8');","        // bug-workaround - long $npm_package_buildCustomOrg","        /* jslint-ignore-begin */","        local.assetsDict['/assets.npmtest_resemblejs.rollup.js'] =","            local.assetsDict['/assets.npmtest_resemblejs.rollup.js'] ||","            local.fs.readFileSync(","                local.npmtest_resemblejs.__dirname + '/lib.npmtest_resemblejs.js',","                'utf8'","            ).replace((/^#!/), '//');","        /* jslint-ignore-end */","        local.assetsDict['/favicon.ico'] = local.assetsDict['/favicon.ico'] || '';","        // if $npm_config_timeout_exit exists,","        // then exit this process after $npm_config_timeout_exit ms","        if (Number(process.env.npm_config_timeout_exit)) {","            setTimeout(process.exit, Number(process.env.npm_config_timeout_exit));","        }","        // start server","        if (local.global.utility2_serverHttp1) {","            break;","        }","        process.env.PORT = process.env.PORT || '8081';","        console.error('server starting on port ' + process.env.PORT);","        local.http.createServer(function (request, response) {","            request.urlParsed = local.url.parse(request.url);","            if (local.assetsDict[request.urlParsed.pathname] !== undefined) {","                response.end(local.assetsDict[request.urlParsed.pathname]);","                return;","            }","            response.statusCode = 404;","            response.end();","        }).listen(process.env.PORT);","        break;","    }","}());",""],"l":{"26":2,"28":2,"33":2,"35":2,"37":2,"38":2,"39":2,"44":1,"51":2,"55":2,"59":2,"61":2,"69":1,"70":2,"76":2,"79":2,"82":2,"83":2,"85":1,"89":2,"92":1,"93":1,"94":1,"96":1,"97":1,"100":1,"101":1,"103":1,"106":1,"108":2,"114":1,"116":1,"118":1,"123":1,"124":2,"125":2,"126":3,"127":3,"128":3,"129":3,"130":1,"133":3,"134":3,"139":3,"143":1,"144":3,"145":1,"149":1,"150":1,"158":1,"160":1,"161":1,"162":1,"164":1,"166":1,"258":1,"259":1,"271":1,"274":6,"275":6,"277":1,"279":2,"281":1,"283":2,"288":1,"289":1,"291":1,"296":1,"303":1,"306":1,"307":1,"310":1,"311":1,"313":1,"314":1,"315":1,"316":1,"317":1,"318":1,"319":1,"321":1,"322":1,"324":1}},"/home/travis/build/npmtest/node-npmtest-resemblejs/node_modules/resemblejs/resemble.js":{"path":"/home/travis/build/npmtest/node-npmtest-resemblejs/node_modules/resemblejs/resemble.js","s":{"1":1,"2":1,"3":0,"4":1,"5":1,"6":0,"7":1,"8":1,"9":1,"10":1,"11":0,"12":1,"13":0,"14":0,"15":0,"16":0,"17":0,"18":0,"19":0,"20":0,"21":0,"22":0,"23":0,"24":0,"25":0,"26":0,"27":0,"28":0,"29":0,"30":1,"31":1,"32":1,"33":1,"34":1,"35":0,"36":0,"37":0,"38":0,"39":0,"40":0,"41":0,"42":1,"43":0,"44":0,"45":0,"46":0,"47":0,"48":1,"49":0,"50":0,"51":0,"52":0,"53":1,"54":0,"55":0,"56":0,"57":0,"58":0,"59":0,"60":0,"61":0,"62":0,"63":0,"64":0,"65":0,"66":0,"67":0,"68":0,"69":0,"70":0,"71":0,"72":0,"73":0,"74":0,"75":0,"76":0,"77":0,"78":0,"79":0,"80":0,"81":0,"82":0,"83":0,"84":0,"85":0,"86":0,"87":0,"88":1,"89":0,"90":0,"91":0,"92":0,"93":0,"94":0,"95":0,"96":0,"97":0,"98":0,"99":0,"100":0,"101":0,"102":0,"103":0,"104":0,"105":0,"106":0,"107":0,"108":0,"109":0,"110":0,"111":0,"112":0,"113":0,"114":0,"115":0,"116":0,"117":0,"118":0,"119":0,"120":0,"121":0,"122":0,"123":1,"124":0,"125":0,"126":0,"127":0,"128":0,"129":0,"130":0,"131":0,"132":0,"133":0,"134":1,"135":0,"136":0,"137":0,"138":1,"139":0,"140":1,"141":0,"142":0,"143":0,"144":0,"145":1,"146":0,"147":0,"148":0,"149":0,"150":0,"151":1,"152":0,"153":1,"154":0,"155":0,"156":0,"157":0,"158":0,"159":0,"160":0,"161":0,"162":0,"163":0,"164":0,"165":0,"166":0,"167":0,"168":0,"169":0,"170":0,"171":0,"172":1,"173":0,"174":0,"175":0,"176":0,"177":0,"178":0,"179":0,"180":0,"181":0,"182":0,"183":0,"184":0,"185":0,"186":0,"187":0,"188":0,"189":0,"190":0,"191":0,"192":0,"193":0,"194":0,"195":0,"196":0,"197":0,"198":0,"199":0,"200":1,"201":0,"202":0,"203":0,"204":0,"205":1,"206":0,"207":0,"208":0,"209":0,"210":1,"211":0,"212":0,"213":0,"214":0,"215":0,"216":0,"217":0,"218":1,"219":0,"220":1,"221":0,"222":1,"223":0,"224":0,"225":0,"226":0,"227":0,"228":0,"229":0,"230":0,"231":0,"232":0,"233":0,"234":0,"235":0,"236":0,"237":0,"238":0,"239":0,"240":0,"241":0,"242":0,"243":0,"244":0,"245":0,"246":0,"247":0,"248":0,"249":0,"250":0,"251":0,"252":0,"253":0,"254":0,"255":0,"256":0,"257":0,"258":0,"259":0,"260":0,"261":0,"262":0,"263":0,"264":0,"265":0,"266":0,"267":0,"268":0,"269":0,"270":0,"271":0,"272":0,"273":0,"274":0,"275":0,"276":0,"277":0,"278":0,"279":0,"280":0,"281":1,"282":0,"283":0,"284":0,"285":0,"286":0,"287":0,"288":0,"289":0,"290":0,"291":0,"292":0,"293":0,"294":0,"295":0,"296":0,"297":0,"298":1,"299":0,"300":0,"301":0,"302":0,"303":0,"304":0,"305":0,"306":0,"307":0,"308":0,"309":1,"310":1,"311":0,"312":0,"313":0,"314":0,"315":0,"316":0,"317":0,"318":0,"319":0,"320":0,"321":0,"322":0,"323":0,"324":0,"325":0,"326":0,"327":0,"328":0,"329":0,"330":1,"331":0,"332":0,"333":0,"334":0,"335":0,"336":0,"337":0,"338":0,"339":0,"340":0,"341":0,"342":0,"343":0,"344":0,"345":0,"346":0,"347":0,"348":0,"349":0,"350":0,"351":0,"352":0,"353":0,"354":0,"355":0,"356":0,"357":0,"358":0,"359":0,"360":0,"361":0,"362":0,"363":0,"364":0,"365":0,"366":0,"367":0,"368":0,"369":0,"370":0,"371":0,"372":0,"373":0,"374":0,"375":0,"376":0,"377":0,"378":0,"379":0,"380":0,"381":0,"382":0,"383":0,"384":0,"385":0,"386":0,"387":0,"388":0,"389":0,"390":0,"391":0,"392":0,"393":0,"394":0,"395":0,"396":0,"397":0,"398":1,"399":0,"400":0,"401":0,"402":0,"403":0,"404":0,"405":0,"406":0,"407":0,"408":0,"409":0,"410":0,"411":0,"412":1},"b":{"1":[0,1],"2":[1,0],"3":[1,0],"4":[1,1],"5":[0,1],"6":[0,0],"7":[0,0],"8":[0,0,0],"9":[0,0],"10":[0,0],"11":[0,0],"12":[0,0],"13":[0,0],"14":[0,0],"15":[0,0],"16":[0,0],"17":[0,0],"18":[0,0,0],"19":[0,0],"20":[0,0],"21":[0,0],"22":[0,0],"23":[0,0],"24":[0,0,0],"25":[0,0,0,0],"26":[0,0],"27":[0,0,0],"28":[0,0],"29":[0,0],"30":[0,0],"31":[0,0],"32":[0,0],"33":[0,0],"34":[0,0],"35":[0,0],"36":[0,0],"37":[0,0],"38":[0,0],"39":[0,0],"40":[0,0,0,0],"41":[0,0],"42":[0,0],"43":[0,0],"44":[0,0],"45":[0,0],"46":[0,0],"47":[0,0],"48":[0,0],"49":[0,0],"50":[0,0],"51":[0,0],"52":[0,0],"53":[0,0],"54":[0,0],"55":[0,0],"56":[0,0],"57":[0,0],"58":[0,0],"59":[0,0],"60":[0,0],"61":[0,0],"62":[0,0],"63":[0,0],"64":[0,0],"65":[0,0],"66":[0,0],"67":[0,0],"68":[0,0],"69":[0,0],"70":[0,0],"71":[0,0],"72":[0,0],"73":[0,0],"74":[0,0],"75":[0,0],"76":[0,0],"77":[0,0],"78":[0,0],"79":[0,0]},"f":{"1":1,"2":1,"3":0,"4":0,"5":0,"6":0,"7":0,"8":0,"9":0,"10":0,"11":0,"12":0,"13":0,"14":0,"15":0,"16":0,"17":0,"18":0,"19":0,"20":0,"21":0,"22":0,"23":0,"24":0,"25":0,"26":0,"27":0,"28":0,"29":0,"30":0,"31":0,"32":0,"33":0,"34":0,"35":0,"36":0,"37":0,"38":0,"39":0,"40":0,"41":0,"42":0,"43":0,"44":0,"45":0,"46":0,"47":0,"48":0,"49":0,"50":0,"51":0},"fnMap":{"1":{"name":"(anonymous_1)","line":6,"loc":{"start":{"line":6,"column":1},"end":{"line":6,"column":26}}},"2":{"name":"(anonymous_2)","line":14,"loc":{"start":{"line":14,"column":8},"end":{"line":14,"column":20}}},"3":{"name":"colorsDistance","line":28,"loc":{"start":{"line":28,"column":1},"end":{"line":28,"column":32}}},"4":{"name":"(anonymous_4)","line":33,"loc":{"start":{"line":33,"column":8},"end":{"line":33,"column":38}}},"5":{"name":"(anonymous_5)","line":39,"loc":{"start":{"line":39,"column":12},"end":{"line":39,"column":42}}},"6":{"name":"(anonymous_6)","line":45,"loc":{"start":{"line":45,"column":27},"end":{"line":45,"column":57}}},"7":{"name":"(anonymous_7)","line":51,"loc":{"start":{"line":51,"column":31},"end":{"line":51,"column":61}}},"8":{"name":"(anonymous_8)","line":66,"loc":{"start":{"line":66,"column":16},"end":{"line":66,"column":36}}},"9":{"name":"triggerDataUpdate","line":85,"loc":{"start":{"line":85,"column":2},"end":{"line":85,"column":30}}},"10":{"name":"loop","line":95,"loc":{"start":{"line":95,"column":2},"end":{"line":95,"column":31}}},"11":{"name":"parseImage","line":105,"loc":{"start":{"line":105,"column":2},"end":{"line":105,"column":53}}},"12":{"name":"(anonymous_12)","line":116,"loc":{"start":{"line":116,"column":23},"end":{"line":116,"column":59}}},"13":{"name":"loadImageData","line":152,"loc":{"start":{"line":152,"column":2},"end":{"line":152,"column":46}}},"14":{"name":"(anonymous_14)","line":160,"loc":{"start":{"line":160,"column":25},"end":{"line":160,"column":37}}},"15":{"name":"(anonymous_15)","line":166,"loc":{"start":{"line":166,"column":24},"end":{"line":166,"column":35}}},"16":{"name":"(anonymous_16)","line":207,"loc":{"start":{"line":207,"column":24},"end":{"line":207,"column":41}}},"17":{"name":"isColorSimilar","line":214,"loc":{"start":{"line":214,"column":2},"end":{"line":214,"column":38}}},"18":{"name":"isPixelBrightnessSimilar","line":234,"loc":{"start":{"line":234,"column":2},"end":{"line":234,"column":43}}},"19":{"name":"getBrightness","line":240,"loc":{"start":{"line":240,"column":2},"end":{"line":240,"column":31}}},"20":{"name":"isRGBSame","line":244,"loc":{"start":{"line":244,"column":2},"end":{"line":244,"column":27}}},"21":{"name":"isRGBSimilar","line":251,"loc":{"start":{"line":251,"column":2},"end":{"line":251,"column":31}}},"22":{"name":"isContrasting","line":260,"loc":{"start":{"line":260,"column":2},"end":{"line":260,"column":32}}},"23":{"name":"getHue","line":264,"loc":{"start":{"line":264,"column":2},"end":{"line":264,"column":24}}},"24":{"name":"isAntialiased","line":288,"loc":{"start":{"line":288,"column":2},"end":{"line":288,"column":86}}},"25":{"name":"copyPixel","line":341,"loc":{"start":{"line":341,"column":2},"end":{"line":341,"column":38}}},"26":{"name":"copyGrayScalePixel","line":348,"loc":{"start":{"line":348,"column":2},"end":{"line":348,"column":47}}},"27":{"name":"getPixelInfo","line":355,"loc":{"start":{"line":355,"column":2},"end":{"line":355,"column":53}}},"28":{"name":"addBrightnessInfo","line":368,"loc":{"start":{"line":368,"column":2},"end":{"line":368,"column":34}}},"29":{"name":"addHueInfo","line":372,"loc":{"start":{"line":372,"column":2},"end":{"line":372,"column":27}}},"30":{"name":"analyseImages","line":376,"loc":{"start":{"line":376,"column":2},"end":{"line":376,"column":51}}},"31":{"name":"(anonymous_31)","line":397,"loc":{"start":{"line":397,"column":22},"end":{"line":397,"column":37}}},"32":{"name":"(anonymous_32)","line":415,"loc":{"start":{"line":415,"column":23},"end":{"line":415,"column":59}}},"33":{"name":"(anonymous_33)","line":474,"loc":{"start":{"line":474,"column":26},"end":{"line":474,"column":40}}},"34":{"name":"addLabel","line":487,"loc":{"start":{"line":487,"column":2},"end":{"line":487,"column":48}}},"35":{"name":"normalise","line":514,"loc":{"start":{"line":514,"column":2},"end":{"line":514,"column":31}}},"36":{"name":"compare","line":530,"loc":{"start":{"line":530,"column":2},"end":{"line":530,"column":28}}},"37":{"name":"onceWeHaveBoth","line":532,"loc":{"start":{"line":532,"column":3},"end":{"line":532,"column":28}}},"38":{"name":"getCompareApi","line":564,"loc":{"start":{"line":564,"column":2},"end":{"line":564,"column":31}}},"39":{"name":"(anonymous_39)","line":575,"loc":{"start":{"line":575,"column":21},"end":{"line":575,"column":31}}},"40":{"name":"(anonymous_40)","line":581,"loc":{"start":{"line":581,"column":21},"end":{"line":581,"column":31}}},"41":{"name":"(anonymous_41)","line":587,"loc":{"start":{"line":587,"column":19},"end":{"line":587,"column":29}}},"42":{"name":"(anonymous_42)","line":602,"loc":{"start":{"line":602,"column":16},"end":{"line":602,"column":26}}},"43":{"name":"(anonymous_43)","line":617,"loc":{"start":{"line":617,"column":24},"end":{"line":617,"column":34}}},"44":{"name":"(anonymous_44)","line":632,"loc":{"start":{"line":632,"column":18},"end":{"line":632,"column":28}}},"45":{"name":"(anonymous_45)","line":644,"loc":{"start":{"line":644,"column":13},"end":{"line":644,"column":23}}},"46":{"name":"(anonymous_46)","line":648,"loc":{"start":{"line":648,"column":16},"end":{"line":648,"column":36}}},"47":{"name":"(anonymous_47)","line":652,"loc":{"start":{"line":652,"column":19},"end":{"line":652,"column":29}}},"48":{"name":"(anonymous_48)","line":666,"loc":{"start":{"line":666,"column":15},"end":{"line":666,"column":35}}},"49":{"name":"(anonymous_49)","line":668,"loc":{"start":{"line":668,"column":28},"end":{"line":668,"column":62}}},"50":{"name":"(anonymous_50)","line":672,"loc":{"start":{"line":672,"column":14},"end":{"line":672,"column":38}}},"51":{"name":"(anonymous_51)","line":679,"loc":{"start":{"line":679,"column":27},"end":{"line":679,"column":44}}}},"statementMap":{"1":{"start":{"line":6,"column":0},"end":{"line":707,"column":4}},"2":{"start":{"line":7,"column":1},"end":{"line":13,"column":2}},"3":{"start":{"line":8,"column":2},"end":{"line":8,"column":22}},"4":{"start":{"line":9,"column":8},"end":{"line":13,"column":2}},"5":{"start":{"line":10,"column":2},"end":{"line":10,"column":29}},"6":{"start":{"line":12,"column":2},"end":{"line":12,"column":28}},"7":{"start":{"line":17,"column":1},"end":{"line":17,"column":27}},"8":{"start":{"line":19,"column":1},"end":{"line":24,"column":3}},"9":{"start":{"line":26,"column":1},"end":{"line":26,"column":42}},"10":{"start":{"line":28,"column":1},"end":{"line":30,"column":2}},"11":{"start":{"line":29,"column":2},"end":{"line":29,"column":83}},"12":{"start":{"line":32,"column":1},"end":{"line":59,"column":3}},"13":{"start":{"line":34,"column":3},"end":{"line":34,"column":36}},"14":{"start":{"line":35,"column":3},"end":{"line":35,"column":42}},"15":{"start":{"line":36,"column":3},"end":{"line":36,"column":41}},"16":{"start":{"line":37,"column":3},"end":{"line":37,"column":42}},"17":{"start":{"line":40,"column":3},"end":{"line":40,"column":81}},"18":{"start":{"line":41,"column":3},"end":{"line":41,"column":89}},"19":{"start":{"line":42,"column":3},"end":{"line":42,"column":87}},"20":{"start":{"line":43,"column":3},"end":{"line":43,"column":25}},"21":{"start":{"line":46,"column":3},"end":{"line":46,"column":36}},"22":{"start":{"line":47,"column":3},"end":{"line":47,"column":42}},"23":{"start":{"line":48,"column":3},"end":{"line":48,"column":41}},"24":{"start":{"line":49,"column":3},"end":{"line":49,"column":43}},"25":{"start":{"line":52,"column":3},"end":{"line":52,"column":50}},"26":{"start":{"line":54,"column":3},"end":{"line":54,"column":99}},"27":{"start":{"line":55,"column":3},"end":{"line":55,"column":107}},"28":{"start":{"line":56,"column":3},"end":{"line":56,"column":105}},"29":{"start":{"line":57,"column":3},"end":{"line":57,"column":25}},"30":{"start":{"line":61,"column":1},"end":{"line":61,"column":43}},"31":{"start":{"line":62,"column":1},"end":{"line":62,"column":32}},"32":{"start":{"line":63,"column":1},"end":{"line":63,"column":27}},"33":{"start":{"line":64,"column":1},"end":{"line":64,"column":68}},"34":{"start":{"line":66,"column":1},"end":{"line":677,"column":3}},"35":{"start":{"line":68,"column":2},"end":{"line":68,"column":16}},"36":{"start":{"line":69,"column":2},"end":{"line":69,"column":18}},"37":{"start":{"line":70,"column":2},"end":{"line":70,"column":31}},"38":{"start":{"line":72,"column":2},"end":{"line":79,"column":4}},"39":{"start":{"line":81,"column":2},"end":{"line":81,"column":33}},"40":{"start":{"line":82,"column":2},"end":{"line":82,"column":27}},"41":{"start":{"line":83,"column":2},"end":{"line":83,"column":30}},"42":{"start":{"line":85,"column":2},"end":{"line":93,"column":3}},"43":{"start":{"line":86,"column":3},"end":{"line":86,"column":40}},"44":{"start":{"line":87,"column":3},"end":{"line":87,"column":9}},"45":{"start":{"line":88,"column":3},"end":{"line":92,"column":4}},"46":{"start":{"line":89,"column":4},"end":{"line":91,"column":5}},"47":{"start":{"line":90,"column":5},"end":{"line":90,"column":34}},"48":{"start":{"line":95,"column":2},"end":{"line":103,"column":3}},"49":{"start":{"line":96,"column":3},"end":{"line":96,"column":11}},"50":{"start":{"line":98,"column":3},"end":{"line":102,"column":4}},"51":{"start":{"line":99,"column":4},"end":{"line":101,"column":5}},"52":{"start":{"line":100,"column":5},"end":{"line":100,"column":20}},"53":{"start":{"line":105,"column":2},"end":{"line":150,"column":3}},"54":{"start":{"line":107,"column":3},"end":{"line":107,"column":22}},"55":{"start":{"line":108,"column":3},"end":{"line":108,"column":20}},"56":{"start":{"line":109,"column":3},"end":{"line":109,"column":22}},"57":{"start":{"line":110,"column":3},"end":{"line":110,"column":21}},"58":{"start":{"line":111,"column":3},"end":{"line":111,"column":22}},"59":{"start":{"line":112,"column":3},"end":{"line":112,"column":27}},"60":{"start":{"line":113,"column":3},"end":{"line":113,"column":22}},"61":{"start":{"line":114,"column":3},"end":{"line":114,"column":22}},"62":{"start":{"line":116,"column":3},"end":{"line":139,"column":6}},"63":{"start":{"line":117,"column":4},"end":{"line":117,"column":57}},"64":{"start":{"line":118,"column":4},"end":{"line":118,"column":38}},"65":{"start":{"line":119,"column":4},"end":{"line":119,"column":44}},"66":{"start":{"line":120,"column":4},"end":{"line":120,"column":43}},"67":{"start":{"line":121,"column":4},"end":{"line":121,"column":44}},"68":{"start":{"line":122,"column":4},"end":{"line":122,"column":51}},"69":{"start":{"line":124,"column":4},"end":{"line":130,"column":5}},"70":{"start":{"line":125,"column":5},"end":{"line":129,"column":6}},"71":{"start":{"line":126,"column":6},"end":{"line":126,"column":18}},"72":{"start":{"line":127,"column":12},"end":{"line":129,"column":6}},"73":{"start":{"line":128,"column":6},"end":{"line":128,"column":18}},"74":{"start":{"line":132,"column":4},"end":{"line":132,"column":17}},"75":{"start":{"line":134,"column":4},"end":{"line":134,"column":32}},"76":{"start":{"line":135,"column":4},"end":{"line":135,"column":36}},"77":{"start":{"line":136,"column":4},"end":{"line":136,"column":34}},"78":{"start":{"line":137,"column":4},"end":{"line":137,"column":44}},"79":{"start":{"line":138,"column":4},"end":{"line":138,"column":46}},"80":{"start":{"line":141,"column":3},"end":{"line":141,"column":48}},"81":{"start":{"line":142,"column":3},"end":{"line":142,"column":52}},"82":{"start":{"line":143,"column":3},"end":{"line":143,"column":50}},"83":{"start":{"line":144,"column":3},"end":{"line":144,"column":52}},"84":{"start":{"line":145,"column":3},"end":{"line":145,"column":62}},"85":{"start":{"line":146,"column":3},"end":{"line":146,"column":58}},"86":{"start":{"line":147,"column":3},"end":{"line":147,"column":58}},"87":{"start":{"line":149,"column":3},"end":{"line":149,"column":23}},"88":{"start":{"line":152,"column":2},"end":{"line":212,"column":3}},"89":{"start":{"line":153,"column":3},"end":{"line":153,"column":18}},"90":{"start":{"line":154,"column":3},"end":{"line":154,"column":33}},"91":{"start":{"line":156,"column":3},"end":{"line":158,"column":4}},"92":{"start":{"line":157,"column":4},"end":{"line":157,"column":57}},"93":{"start":{"line":160,"column":3},"end":{"line":164,"column":5}},"94":{"start":{"line":161,"column":4},"end":{"line":161,"column":31}},"95":{"start":{"line":162,"column":4},"end":{"line":162,"column":48}},"96":{"start":{"line":163,"column":4},"end":{"line":163,"column":15}},"97":{"start":{"line":166,"column":3},"end":{"line":190,"column":5}},"98":{"start":{"line":167,"column":4},"end":{"line":167,"column":30}},"99":{"start":{"line":169,"column":4},"end":{"line":169,"column":57}},"100":{"start":{"line":170,"column":4},"end":{"line":170,"column":18}},"101":{"start":{"line":173,"column":4},"end":{"line":173,"column":34}},"102":{"start":{"line":174,"column":4},"end":{"line":174,"column":36}},"103":{"start":{"line":176,"column":4},"end":{"line":179,"column":5}},"104":{"start":{"line":177,"column":5},"end":{"line":177,"column":31}},"105":{"start":{"line":178,"column":5},"end":{"line":178,"column":32}},"106":{"start":{"line":181,"column":4},"end":{"line":181,"column":31}},"107":{"start":{"line":182,"column":4},"end":{"line":182,"column":33}},"108":{"start":{"line":184,"column":4},"end":{"line":184,"column":78}},"109":{"start":{"line":185,"column":4},"end":{"line":185,"column":80}},"110":{"start":{"line":187,"column":4},"end":{"line":187,"column":27}},"111":{"start":{"line":189,"column":4},"end":{"line":189,"column":39}},"112":{"start":{"line":192,"column":3},"end":{"line":211,"column":4}},"113":{"start":{"line":193,"column":4},"end":{"line":193,"column":31}},"114":{"start":{"line":194,"column":4},"end":{"line":196,"column":5}},"115":{"start":{"line":195,"column":5},"end":{"line":195,"column":26}},"116":{"start":{"line":197,"column":10},"end":{"line":211,"column":4}},"117":{"start":{"line":201,"column":4},"end":{"line":201,"column":26}},"118":{"start":{"line":203,"column":4},"end":{"line":203,"column":56}},"119":{"start":{"line":206,"column":4},"end":{"line":206,"column":34}},"120":{"start":{"line":207,"column":4},"end":{"line":209,"column":6}},"121":{"start":{"line":208,"column":5},"end":{"line":208,"column":43}},"122":{"start":{"line":210,"column":4},"end":{"line":210,"column":39}},"123":{"start":{"line":214,"column":2},"end":{"line":232,"column":3}},"124":{"start":{"line":216,"column":3},"end":{"line":216,"column":33}},"125":{"start":{"line":218,"column":3},"end":{"line":220,"column":4}},"126":{"start":{"line":219,"column":4},"end":{"line":219,"column":17}},"127":{"start":{"line":221,"column":3},"end":{"line":223,"column":4}},"128":{"start":{"line":222,"column":4},"end":{"line":222,"column":17}},"129":{"start":{"line":225,"column":3},"end":{"line":231,"column":4}},"130":{"start":{"line":226,"column":4},"end":{"line":226,"column":16}},"131":{"start":{"line":227,"column":10},"end":{"line":231,"column":4}},"132":{"start":{"line":228,"column":4},"end":{"line":228,"column":16}},"133":{"start":{"line":230,"column":4},"end":{"line":230,"column":17}},"134":{"start":{"line":234,"column":2},"end":{"line":238,"column":3}},"135":{"start":{"line":235,"column":3},"end":{"line":235,"column":51}},"136":{"start":{"line":236,"column":3},"end":{"line":236,"column":82}},"137":{"start":{"line":237,"column":3},"end":{"line":237,"column":30}},"138":{"start":{"line":240,"column":2},"end":{"line":242,"column":3}},"139":{"start":{"line":241,"column":3},"end":{"line":241,"column":34}},"140":{"start":{"line":244,"column":2},"end":{"line":249,"column":3}},"141":{"start":{"line":245,"column":3},"end":{"line":245,"column":27}},"142":{"start":{"line":246,"column":3},"end":{"line":246,"column":29}},"143":{"start":{"line":247,"column":3},"end":{"line":247,"column":28}},"144":{"start":{"line":248,"column":3},"end":{"line":248,"column":31}},"145":{"start":{"line":251,"column":2},"end":{"line":258,"column":3}},"146":{"start":{"line":252,"column":3},"end":{"line":252,"column":45}},"147":{"start":{"line":253,"column":3},"end":{"line":253,"column":49}},"148":{"start":{"line":254,"column":3},"end":{"line":254,"column":47}},"149":{"start":{"line":255,"column":3},"end":{"line":255,"column":51}},"150":{"start":{"line":257,"column":3},"end":{"line":257,"column":40}},"151":{"start":{"line":260,"column":2},"end":{"line":262,"column":3}},"152":{"start":{"line":261,"column":3},"end":{"line":261,"column":76}},"153":{"start":{"line":264,"column":2},"end":{"line":286,"column":3}},"154":{"start":{"line":266,"column":3},"end":{"line":266,"column":15}},"155":{"start":{"line":267,"column":3},"end":{"line":267,"column":15}},"156":{"start":{"line":268,"column":3},"end":{"line":268,"column":15}},"157":{"start":{"line":269,"column":3},"end":{"line":269,"column":56}},"158":{"start":{"line":270,"column":3},"end":{"line":270,"column":9}},"159":{"start":{"line":271,"column":3},"end":{"line":271,"column":9}},"160":{"start":{"line":273,"column":3},"end":{"line":283,"column":4}},"161":{"start":{"line":274,"column":4},"end":{"line":274,"column":10}},"162":{"start":{"line":276,"column":4},"end":{"line":276,"column":18}},"163":{"start":{"line":277,"column":4},"end":{"line":281,"column":5}},"164":{"start":{"line":278,"column":13},"end":{"line":278,"column":47}},"165":{"start":{"line":278,"column":48},"end":{"line":278,"column":54}},"166":{"start":{"line":279,"column":13},"end":{"line":279,"column":33}},"167":{"start":{"line":279,"column":34},"end":{"line":279,"column":40}},"168":{"start":{"line":280,"column":13},"end":{"line":280,"column":33}},"169":{"start":{"line":280,"column":34},"end":{"line":280,"column":40}},"170":{"start":{"line":282,"column":4},"end":{"line":282,"column":11}},"171":{"start":{"line":285,"column":3},"end":{"line":285,"column":12}},"172":{"start":{"line":288,"column":2},"end":{"line":339,"column":3}},"173":{"start":{"line":289,"column":3},"end":{"line":289,"column":14}},"174":{"start":{"line":290,"column":3},"end":{"line":290,"column":20}},"175":{"start":{"line":291,"column":3},"end":{"line":291,"column":9}},"176":{"start":{"line":292,"column":3},"end":{"line":292,"column":9}},"177":{"start":{"line":293,"column":3},"end":{"line":293,"column":34}},"178":{"start":{"line":294,"column":3},"end":{"line":294,"column":38}},"179":{"start":{"line":295,"column":3},"end":{"line":295,"column":32}},"180":{"start":{"line":297,"column":3},"end":{"line":297,"column":25}},"181":{"start":{"line":299,"column":3},"end":{"line":332,"column":4}},"182":{"start":{"line":300,"column":4},"end":{"line":331,"column":5}},"183":{"start":{"line":302,"column":5},"end":{"line":330,"column":6}},"184":{"start":{"line":306,"column":6},"end":{"line":306,"column":63}},"185":{"start":{"line":308,"column":6},"end":{"line":310,"column":7}},"186":{"start":{"line":309,"column":7},"end":{"line":309,"column":16}},"187":{"start":{"line":312,"column":6},"end":{"line":312,"column":35}},"188":{"start":{"line":313,"column":6},"end":{"line":313,"column":28}},"189":{"start":{"line":315,"column":6},"end":{"line":317,"column":7}},"190":{"start":{"line":316,"column":7},"end":{"line":316,"column":32}},"191":{"start":{"line":319,"column":6},"end":{"line":321,"column":7}},"192":{"start":{"line":320,"column":7},"end":{"line":320,"column":30}},"193":{"start":{"line":323,"column":6},"end":{"line":325,"column":7}},"194":{"start":{"line":324,"column":7},"end":{"line":324,"column":36}},"195":{"start":{"line":327,"column":6},"end":{"line":329,"column":7}},"196":{"start":{"line":328,"column":7},"end":{"line":328,"column":19}},"197":{"start":{"line":334,"column":3},"end":{"line":336,"column":4}},"198":{"start":{"line":335,"column":4},"end":{"line":335,"column":16}},"199":{"start":{"line":338,"column":3},"end":{"line":338,"column":16}},"200":{"start":{"line":341,"column":2},"end":{"line":346,"column":3}},"201":{"start":{"line":342,"column":3},"end":{"line":342,"column":23}},"202":{"start":{"line":343,"column":3},"end":{"line":343,"column":27}},"203":{"start":{"line":344,"column":3},"end":{"line":344,"column":27}},"204":{"start":{"line":345,"column":3},"end":{"line":345,"column":47}},"205":{"start":{"line":348,"column":2},"end":{"line":353,"column":3}},"206":{"start":{"line":349,"column":3},"end":{"line":349,"column":32}},"207":{"start":{"line":350,"column":3},"end":{"line":350,"column":36}},"208":{"start":{"line":351,"column":3},"end":{"line":351,"column":36}},"209":{"start":{"line":352,"column":3},"end":{"line":352,"column":47}},"210":{"start":{"line":355,"column":2},"end":{"line":366,"column":3}},"211":{"start":{"line":356,"column":3},"end":{"line":363,"column":4}},"212":{"start":{"line":357,"column":4},"end":{"line":357,"column":25}},"213":{"start":{"line":358,"column":4},"end":{"line":358,"column":29}},"214":{"start":{"line":359,"column":4},"end":{"line":359,"column":29}},"215":{"start":{"line":360,"column":4},"end":{"line":360,"column":29}},"216":{"start":{"line":362,"column":4},"end":{"line":362,"column":16}},"217":{"start":{"line":365,"column":3},"end":{"line":365,"column":16}},"218":{"start":{"line":368,"column":2},"end":{"line":370,"column":3}},"219":{"start":{"line":369,"column":3},"end":{"line":369,"column":57}},"220":{"start":{"line":372,"column":2},"end":{"line":374,"column":3}},"221":{"start":{"line":373,"column":3},"end":{"line":373,"column":41}},"222":{"start":{"line":376,"column":2},"end":{"line":485,"column":3}},"223":{"start":{"line":378,"column":3},"end":{"line":378,"column":55}},"224":{"start":{"line":380,"column":3},"end":{"line":380,"column":25}},"225":{"start":{"line":381,"column":3},"end":{"line":381,"column":25}},"226":{"start":{"line":383,"column":3},"end":{"line":383,"column":30}},"227":{"start":{"line":384,"column":3},"end":{"line":384,"column":32}},"228":{"start":{"line":386,"column":3},"end":{"line":386,"column":47}},"229":{"start":{"line":387,"column":3},"end":{"line":387,"column":52}},"230":{"start":{"line":388,"column":3},"end":{"line":388,"column":29}},"231":{"start":{"line":390,"column":3},"end":{"line":390,"column":25}},"232":{"start":{"line":391,"column":3},"end":{"line":396,"column":5}},"233":{"start":{"line":397,"column":3},"end":{"line":402,"column":5}},"234":{"start":{"line":398,"column":4},"end":{"line":398,"column":51}},"235":{"start":{"line":399,"column":4},"end":{"line":399,"column":53}},"236":{"start":{"line":400,"column":4},"end":{"line":400,"column":49}},"237":{"start":{"line":401,"column":4},"end":{"line":401,"column":55}},"238":{"start":{"line":404,"column":3},"end":{"line":404,"column":25}},"239":{"start":{"line":406,"column":3},"end":{"line":406,"column":12}},"240":{"start":{"line":408,"column":3},"end":{"line":410,"column":4}},"241":{"start":{"line":409,"column":4},"end":{"line":409,"column":13}},"242":{"start":{"line":412,"column":3},"end":{"line":412,"column":41}},"243":{"start":{"line":413,"column":3},"end":{"line":413,"column":43}},"244":{"start":{"line":415,"column":3},"end":{"line":467,"column":6}},"245":{"start":{"line":417,"column":4},"end":{"line":421,"column":5}},"246":{"start":{"line":418,"column":5},"end":{"line":420,"column":6}},"247":{"start":{"line":419,"column":6},"end":{"line":419,"column":13}},"248":{"start":{"line":423,"column":4},"end":{"line":423,"column":57}},"249":{"start":{"line":425,"column":4},"end":{"line":427,"column":5}},"250":{"start":{"line":426,"column":5},"end":{"line":426,"column":12}},"251":{"start":{"line":429,"column":4},"end":{"line":442,"column":5}},"252":{"start":{"line":431,"column":5},"end":{"line":431,"column":31}},"253":{"start":{"line":432,"column":5},"end":{"line":432,"column":31}},"254":{"start":{"line":434,"column":5},"end":{"line":440,"column":6}},"255":{"start":{"line":435,"column":6},"end":{"line":435,"column":52}},"256":{"start":{"line":437,"column":6},"end":{"line":437,"column":52}},"257":{"start":{"line":438,"column":6},"end":{"line":438,"column":22}},"258":{"start":{"line":439,"column":6},"end":{"line":439,"column":47}},"259":{"start":{"line":441,"column":5},"end":{"line":441,"column":12}},"260":{"start":{"line":444,"column":4},"end":{"line":465,"column":5}},"261":{"start":{"line":445,"column":5},"end":{"line":445,"column":50}},"262":{"start":{"line":447,"column":11},"end":{"line":465,"column":5}},"263":{"start":{"line":454,"column":5},"end":{"line":460,"column":6}},"264":{"start":{"line":455,"column":6},"end":{"line":455,"column":52}},"265":{"start":{"line":457,"column":6},"end":{"line":457,"column":52}},"266":{"start":{"line":458,"column":6},"end":{"line":458,"column":22}},"267":{"start":{"line":459,"column":6},"end":{"line":459,"column":47}},"268":{"start":{"line":462,"column":5},"end":{"line":462,"column":51}},"269":{"start":{"line":463,"column":5},"end":{"line":463,"column":21}},"270":{"start":{"line":464,"column":5},"end":{"line":464,"column":46}},"271":{"start":{"line":469,"column":3},"end":{"line":469,"column":71}},"272":{"start":{"line":470,"column":3},"end":{"line":470,"column":67}},"273":{"start":{"line":471,"column":3},"end":{"line":471,"column":32}},"274":{"start":{"line":472,"column":3},"end":{"line":472,"column":41}},"275":{"start":{"line":474,"column":3},"end":{"line":484,"column":5}},"276":{"start":{"line":475,"column":4},"end":{"line":475,"column":22}},"277":{"start":{"line":477,"column":4},"end":{"line":479,"column":5}},"278":{"start":{"line":478,"column":5},"end":{"line":478,"column":53}},"279":{"start":{"line":481,"column":4},"end":{"line":481,"column":45}},"280":{"start":{"line":483,"column":4},"end":{"line":483,"col
[...]
blueTotal += blue / 255 * 100;","\t\t\t\talphaTotal += (255 - alpha) / 255 * 100;","\t\t\t\tbrightnessTotal += brightness / 255 * 100;","\t\t\t});","","\t\t\tdata.red = Math.floor(redTotal / pixelCount);","\t\t\tdata.green = Math.floor(greenTotal / pixelCount);","\t\t\tdata.blue = Math.floor(blueTotal / pixelCount);","\t\t\tdata.alpha = Math.floor(alphaTotal / pixelCount);","\t\t\tdata.brightness = Math.floor(brightnessTotal / pixelCount);","\t\t\tdata.white = Math.floor(whiteTotal / pixelCount * 100);","\t\t\tdata.black = Math.floor(blackTotal / pixelCount * 100);","","\t\t\ttriggerDataUpdate();","\t\t}","","\t\tfunction loadImageData( fileData, callback ){","\t\t\tvar fileReader;","\t\t\tvar hiddenImage = new Image();","","\t\t\tif(useCrossOrigin) {","\t\t\t\thiddenImage.setAttribute('crossorigin', 'anonymous');","\t\t\t}","","\t\t\thiddenImage.onerror = function () { ","\t\t\t\thiddenImage.onerror = null; //fixes pollution between calls","\t\t\t\timages.push({ error : \"Image load error.\"});","\t\t\t\tcallback(); ","\t\t\t};","","\t\t\thiddenImage.onload = function() {","\t\t\t\thiddenImage.onload = null; //fixes pollution between calls","","\t\t\t\tvar hiddenCanvas =  document.createElement('canvas');","\t\t\t\tvar imageData;","","\t\t\t\t// don't assign to hiddenImage, see https://github.com/Huddle/Resemble.js/pull/87/commits/300d43352a2845aad289b254bfbdc7cd6a37e2d7","\t\t\t\tvar width = hiddenImage.width;","\t\t\t\tvar height = hiddenImage.height;","","\t\t\t\tif( scaleToSameSize && images.length == 1 ){","\t\t\t\t\twidth   = images[0].width;","\t\t\t\t\theight  = images[0].height;","\t\t\t\t}","","\t\t\t\thiddenCanvas.width = width;","\t\t\t\thiddenCanvas.height = height;","","\t\t\t\thiddenCanvas.getContext('2d').drawImage(hiddenImage, 0, 0, width, height);","\t\t\t\timageData = hiddenCanvas.getContext('2d').getImageData(0, 0, width, height);","","\t\t\t\timages.push(imageData);","","\t\t\t\tcallback(imageData, width, height);","\t\t\t};","","\t\t\tif (typeof fileData === 'string') {","\t\t\t\thiddenImage.src = fileData;","\t\t\t\tif (hiddenImage.complete && hiddenImage.naturalWidth > 0) {","\t\t\t\t\thiddenImage.onload();","\t\t\t\t}","\t\t\t} else if (typeof fileData.data !== 'undefined'","\t\t\t\t\t&& typeof fileData.width === 'number'","\t\t\t\t\t&& typeof fileData.height === 'number') {","","\t\t\t\timages.push(fileData);","","\t\t\t\tcallback(fileData, fileData.width, fileData.height);","","\t\t\t} else {","\t\t\t\tfileReader = new FileReader();","\t\t\t\tfileReader.onload = function (event) {","\t\t\t\t\thiddenImage.src = event.target.result;","\t\t\t\t};","\t\t\t\tfileReader.readAsDataURL(fileData);","\t\t\t}","\t\t}","","\t\tfunction isColorSimilar(a, b, color){","","\t\t\tvar absDiff = Math.abs(a - b);","","\t\t\tif(typeof a === 'undefined'){","\t\t\t\treturn false;","\t\t\t}","\t\t\tif(typeof b === 'undefined'){","\t\t\t\treturn false;","\t\t\t}","","\t\t\tif(a === b){","\t\t\t\treturn true;","\t\t\t} else if ( absDiff < tolerance[color] ) {","\t\t\t\treturn true;","\t\t\t} else {","\t\t\t\treturn false;","\t\t\t}","\t\t}","","\t\tfunction isPixelBrightnessSimilar(d1, d2){","\t\t\tvar alpha = isColorSimilar(d1.a, d2.a, 'alpha');","\t\t\tvar brightness = isColorSimilar(d1.brightness, d2.brightness, 'minBrightness');","\t\t\treturn brightness && alpha;","\t\t}","","\t\tfunction getBrightness(r,g,b){","\t\t\treturn 0.3*r + 0.59*g + 0.11*b;","\t\t}","","\t\tfunction isRGBSame(d1,d2){","\t\t\tvar red = d1.r === d2.r;","\t\t\tvar green = d1.g === d2.g;","\t\t\tvar blue = d1.b === d2.b;","\t\t\treturn red && green && blue;","\t\t}","","\t\tfunction isRGBSimilar(d1, d2){","\t\t\tvar red = isColorSimilar(d1.r,d2.r,'red');","\t\t\tvar green = isColorSimilar(d1.g,d2.g,'green');","\t\t\tvar blue = isColorSimilar(d1.b,d2.b,'blue');","\t\t\tvar alpha = isColorSimilar(d1.a, d2.a, 'alpha');","","\t\t\treturn red && green && blue && alpha;","\t\t}","","\t\tfunction isContrasting(d1, d2){","\t\t\treturn Math.abs(d1.brightness - d2.brightness) > tolerance.maxBrightness;","\t\t}","","\t\tfunction getHue(r,g,b){","","\t\t\tr = r / 255;","\t\t\tg = g / 255;","\t\t\tb = b / 255;","\t\t\tvar max = Math.max(r, g, b), min = Math.min(r, g, b);","\t\t\tvar h;","\t\t\tvar d;","","\t\t\tif (max == min){","\t\t\t\th = 0; // achromatic","\t\t\t} else{","\t\t\t\td = max - min;","\t\t\t\tswitch(max){","\t\t\t\t\tcase r: h = (g - b) / d + (g < b ? 6 : 0); break;","\t\t\t\t\tcase g: h = (b - r) / d + 2; break;","\t\t\t\t\tcase b: h = (r - g) / d + 4; break;","\t\t\t\t}","\t\t\t\th /= 6;","\t\t\t}","","\t\t\treturn h;","\t\t}","","\t\tfunction isAntialiased(sourcePix, data, cacheSet, verticalPos, horizontalPos, width){","\t\t\tvar offset;","\t\t\tvar distance = 1;","\t\t\tvar i;","\t\t\tvar j;","\t\t\tvar hasHighContrastSibling = 0;","\t\t\tvar hasSiblingWithDifferentHue = 0;","\t\t\tvar hasEquivalentSibling = 0;","","\t\t\taddHueInfo(sourcePix);","","\t\t\tfor (i = distance*-1; i <= distance; i++){","\t\t\t\tfor (j = distance*-1; j <= distance; j++){","","\t\t\t\t\tif(i===0 && j===0){","\t\t\t\t\t\t// ignore source pixel","\t\t\t\t\t} else {","","\t\t\t\t\t\toffset = ((verticalPos+j)*width + (horizontalPos+i)) * 4;","","\t\t\t\t\t\tif(!getPixelInfo(targetPix , data, offset, cacheSet)){","\t\t\t\t\t\t\tcontinue;","\t\t\t\t\t\t}","","\t\t\t\t\t\taddBrightnessInfo(targetPix);","\t\t\t\t\t\taddHueInfo(targetPix);","","\t\t\t\t\t\tif( isContrasting(sourcePix, targetPix) ){","\t\t\t\t\t\t\thasHighContrastSibling++;","\t\t\t\t\t\t}","","\t\t\t\t\t\tif( isRGBSame(sourcePix,targetPix) ){","\t\t\t\t\t\t\thasEquivalentSibling++;","\t\t\t\t\t\t}","","\t\t\t\t\t\tif( Math.abs(targetPix.h - sourcePix.h) > 0.3 ){","\t\t\t\t\t\t\thasSiblingWithDifferentHue++;","\t\t\t\t\t\t}","","\t\t\t\t\t\tif( hasSiblingWithDifferentHue > 1 || hasHighContrastSibling > 1){","\t\t\t\t\t\t\treturn true;","\t\t\t\t\t\t}","\t\t\t\t\t}","\t\t\t\t}","\t\t\t}","","\t\t\tif(hasEquivalentSibling < 2){","\t\t\t\treturn true;","\t\t\t}","","\t\t\treturn false;","\t\t}","","\t\tfunction copyPixel(px, offset, data){","\t\t\tpx[offset] = data.r; //r","\t\t\tpx[offset + 1] = data.g; //g","\t\t\tpx[offset + 2] = data.b; //b","\t\t\tpx[offset + 3] = data.a * pixelTransparency; //a","\t\t}","","\t\tfunction copyGrayScalePixel(px, offset, data){","\t\t\tpx[offset] = data.brightness; //r","\t\t\tpx[offset + 1] = data.brightness; //g","\t\t\tpx[offset + 2] = data.brightness; //b","\t\t\tpx[offset + 3] = data.a * pixelTransparency; //a","\t\t}","","\t\tfunction getPixelInfo(dst, data, offset, cacheSet) {","\t\t\tif (data.length > offset) {","\t\t\t\tdst.r = data[offset];","\t\t\t\tdst.g = data[offset + 1];","\t\t\t\tdst.b = data[offset + 2];","\t\t\t\tdst.a = data[offset + 3];","","\t\t\t\treturn true;","\t\t\t}","","\t\t\treturn false;","\t\t}","","\t\tfunction addBrightnessInfo(data){","\t\t\tdata.brightness = getBrightness(data.r,data.g,data.b); // 'corrected' lightness","\t\t}","","\t\tfunction addHueInfo(data){","\t\t\tdata.h = getHue(data.r,data.g,data.b);","\t\t}","","\t\tfunction analyseImages(img1, img2, width, height){","","\t\t\tvar hiddenCanvas = document.createElement('canvas');","","\t\t\tvar data1 = img1.data;","\t\t\tvar data2 = img2.data;","","\t\t\thiddenCanvas.width = width;","\t\t\thiddenCanvas.height = height;","","\t\t\tvar context = hiddenCanvas.getContext('2d');","\t\t\tvar imgd = context.createImageData(width,height);","\t\t\tvar targetPix = imgd.data;","","\t\t\tvar mismatchCount = 0;","\t\t\tvar diffBounds = {","\t\t\t\ttop: height,","\t\t\t\tleft: width,","\t\t\t\tbottom: 0,","\t\t\t\tright: 0","\t\t\t};","\t\t\tvar updateBounds = function(x, y) {","\t\t\t\tdiffBounds.left = Math.min(x, diffBounds.left);","\t\t\t\tdiffBounds.right = Math.max(x, diffBounds.right);","\t\t\t\tdiffBounds.top = Math.min(y, diffBounds.top);","\t\t\t\tdiffBounds.bottom = Math.max(y, diffBounds.bottom);","\t\t\t};","","\t\t\tvar time = Date.now();","","\t\t\tvar skip;","","\t\t\tif(!!largeImageThreshold && ignoreAntialiasing && (width > largeImageThreshold || height > largeImageThreshold)){","\t\t\t\tskip = 6;","\t\t\t}","","\t\t\tvar pixel1 = {r: 0, g: 0, b: 0, a: 0};","\t\t\tvar pixel2 = { r: 0, g: 0, b: 0, a: 0 };","","\t\t\tloop(width, height, function(horizontalPos, verticalPos){","","\t\t\t\tif(skip){ // only skip if the image isn't small","\t\t\t\t\tif(verticalPos % skip === 0 || horizontalPos % skip === 0){","\t\t\t\t\t\treturn;","\t\t\t\t\t}","\t\t\t\t}","","\t\t\t\tvar offset = (verticalPos*width + horizontalPos) * 4;","","\t\t\t\tif (!getPixelInfo(pixel1, data1, offset, 1) || !getPixelInfo(pixel2, data2, offset, 2)) {","\t\t\t\t\treturn;","\t\t\t\t}","","\t\t\t\tif (ignoreColors){","","\t\t\t\t\taddBrightnessInfo(pixel1);","\t\t\t\t\taddBrightnessInfo(pixel2);","","\t\t\t\t\tif( isPixelBrightnessSimilar(pixel1, pixel2) ){","\t\t\t\t\t\tcopyGrayScalePixel(targetPix, offset, pixel2);","\t\t\t\t\t} else {","\t\t\t\t\t\terrorPixel(targetPix, offset, pixel1, pixel2);","\t\t\t\t\t\tmismatchCount++;","\t\t\t\t\t\tupdateBounds(horizontalPos, verticalPos);","\t\t\t\t\t}","\t\t\t\t\treturn;","\t\t\t\t}","","\t\t\t\tif( isRGBSimilar(pixel1, pixel2) ){","\t\t\t\t\tcopyPixel(targetPix, offset, pixel1, pixel2);","","\t\t\t\t} else if( ignoreAntialiasing && (","\t\t\t\t\t\taddBrightnessInfo(pixel1), // jit pixel info augmentation looks a little weird, sorry.","\t\t\t\t\t\taddBrightnessInfo(pixel2),","\t\t\t\t\t\tisAntialiased(pixel1, data1, 1, verticalPos, horizontalPos, width) ||","\t\t\t\t\t\tisAntialiased(pixel2, data2, 2, verticalPos, horizontalPos, width)","\t\t\t\t\t)){","","\t\t\t\t\tif( isPixelBrightnessSimilar(pixel1, pixel2) ){","\t\t\t\t\t\tcopyGrayScalePixel(targetPix, offset, pixel2);","\t\t\t\t\t} else {","\t\t\t\t\t\terrorPixel(targetPix, offset, pixel1, pixel2);","\t\t\t\t\t\tmismatchCount++;","\t\t\t\t\t\tupdateBounds(horizontalPos, verticalPos);","\t\t\t\t\t}","\t\t\t\t} else {","\t\t\t\t\terrorPixel(targetPix, offset, pixel1, pixel2);","\t\t\t\t\tmismatchCount++;","\t\t\t\t\tupdateBounds(horizontalPos, verticalPos);","\t\t\t\t}","","\t\t\t});","","\t\t\tdata.rawMisMatchPercentage = (mismatchCount / (height*width) * 100);","\t\t\tdata.misMatchPercentage = data.rawMisMatchPercentage.toFixed(2);","\t\t\tdata.diffBounds = diffBounds;","\t\t\tdata.analysisTime = Date.now() - time;","","\t\t\tdata.getImageDataUrl = function(text){","\t\t\t\tvar barHeight = 0;","","\t\t\t\tif(text){","\t\t\t\t\tbarHeight = addLabel(text,context,hiddenCanvas);","\t\t\t\t}","","\t\t\t\tcontext.putImageData(imgd, 0, barHeight);","","\t\t\t\treturn hiddenCanvas.toDataURL(\"image/png\");","\t\t\t};","\t\t}","","\t\tfunction addLabel(text, context, hiddenCanvas){","\t\t\tvar textPadding = 2;","","\t\t\tcontext.font = '12px sans-serif';","","\t\t\tvar textWidth = context.measureText(text).width + textPadding*2;","\t\t\tvar barHeight = 22;","","\t\t\tif(textWidth > hiddenCanvas.width){","\t\t\t\thiddenCanvas.width = textWidth;","\t\t\t}","","\t\t\thiddenCanvas.height += barHeight;","","\t\t\tcontext.fillStyle = \"#666\";","\t\t\tcontext.fillRect(0,0,hiddenCanvas.width,barHeight -4);","\t\t\tcontext.fillStyle = \"#fff\";","\t\t\tcontext.fillRect(0,barHeight -4,hiddenCanvas.width, 4);","","\t\t\tcontext.fillStyle = \"#fff\";","\t\t\tcontext.textBaseline = \"top\";","\t\t\tcontext.font = '12px sans-serif';","\t\t\tcontext.fillText(text, textPadding, 1);","","\t\t\treturn barHeight;","\t\t}","","\t\tfunction normalise(img, w, h){","\t\t\tvar c;","\t\t\tvar context;","","\t\t\tif(img.height < h || img.width < w){","\t\t\t\tc = document.createElement('canvas');","\t\t\t\tc.width = w;","\t\t\t\tc.height = h;","\t\t\t\tcontext = c.getContext('2d');","\t\t\t\tcontext.putImageData(img, 0, 0);","\t\t\t\treturn context.getImageData(0, 0, w, h);","\t\t\t}","","\t\t\treturn img;","\t\t}","","\t\tfunction compare(one, two){","","\t\t\tfunction onceWeHaveBoth(){","\t\t\t\tvar width;","\t\t\t\tvar height;","\t\t\t\tif(images.length === 2){","\t\t\t\t\tif( images[0].error || images[1].error ){","\t\t\t\t\t\tdata = {};","\t\t\t\t\t\tdata.error = images[0].error ?  images[0].error : images[1].error;","\t\t\t\t\t\ttriggerDataUpdate();","\t\t\t\t\t\treturn;","\t\t\t\t\t}","\t\t\t\t\twidth = images[0].width > images[1].width ? images[0].width : images[1].width;","\t\t\t\t\theight = images[0].height > images[1].height ? images[0].height : images[1].height;","","\t\t\t\t\tif( (images[0].width === images[1].width) && (images[0].height === images[1].height) ){","\t\t\t\t\t\tdata.isSameDimensions = true;","\t\t\t\t\t} else {","\t\t\t\t\t\tdata.isSameDimensions = false;","\t\t\t\t\t}","","\t\t\t\t\tdata.dimensionDifference = { width: images[0].width - images[1].width, height: images[0].height - images[1].height };","","\t\t\t\t\tanalyseImages( normalise(images[0],width, height), normalise(images[1],width, height), width, height);","","\t\t\t\t\ttriggerDataUpdate();","\t\t\t\t}","\t\t\t}","","\t\t\timages = [];","\t\t\tloadImageData(one, onceWeHaveBoth);","\t\t\tloadImageData(two, onceWeHaveBoth);","\t\t}","","\t\tfunction getCompareApi(param){","","\t\t\tvar secondFileData,","\t\t\t\thasMethod = typeof param === 'function';","","\t\t\tif( !hasMethod ){","\t\t\t\t// assume it's file data","\t\t\t\tsecondFileData = param;","\t\t\t}","","\t\t\tvar self = {","\t\t\t\tscaleToSameSize: function(){","\t\t\t\t\tscaleToSameSize = true;","","\t\t\t\t\tif(hasMethod) { param(); }","\t\t\t\t\treturn self;","\t\t\t\t},","\t\t\t\tuseOriginalSize: function(){","\t\t\t\t\tscaleToSameSize = false;","","\t\t\t\t\tif(hasMethod) { param(); }","\t\t\t\t\treturn self;","\t\t\t\t},","\t\t\t\tignoreNothing: function(){","","\t\t\t\t\ttolerance.red = 0;","\t\t\t\t\ttolerance.green = 0;","\t\t\t\t\ttolerance.blue = 0;","\t\t\t\t\ttolerance.alpha = 0;","\t\t\t\t\ttolerance.minBrightness = 0;","\t\t\t\t\ttolerance.maxBrightness = 255;","","\t\t\t\t\tignoreAntialiasing = false;","\t\t\t\t\tignoreColors = false;","","\t\t\t\t\tif(hasMethod) { param(); }","\t\t\t\t\treturn self;","\t\t\t\t},","\t\t\t\tignoreLess: function(){","","\t\t\t\t\ttolerance.red = 16;","\t\t\t\t\ttolerance.green = 16;","\t\t\t\t\ttolerance.blue = 16;","\t\t\t\t\ttolerance.alpha = 16;","\t\t\t\t\ttolerance.minBrightness = 16;","\t\t\t\t\ttolerance.maxBrightness = 240;","","\t\t\t\t\tignoreAntialiasing = false;","\t\t\t\t\tignoreColors = false;","","\t\t\t\t\tif(hasMethod) { param(); }","\t\t\t\t\treturn self;","\t\t\t\t},","\t\t\t\tignoreAntialiasing: function(){","","\t\t\t\t\ttolerance.red = 32;","\t\t\t\t\ttolerance.green = 32;","\t\t\t\t\ttolerance.blue = 32;","\t\t\t\t\ttolerance.alpha = 32;","\t\t\t\t\ttolerance.minBrightness = 64;","\t\t\t\t\ttolerance.maxBrightness = 96;","","\t\t\t\t\tignoreAntialiasing = true;","\t\t\t\t\tignoreColors = false;","","\t\t\t\t\tif(hasMethod) { param(); }","\t\t\t\t\treturn self;","\t\t\t\t},","\t\t\t\tignoreColors: function(){","","\t\t\t\t\ttolerance.alpha = 16;","\t\t\t\t\ttolerance.minBrightness = 16;","\t\t\t\t\ttolerance.maxBrightness = 240;","","\t\t\t\t\tignoreAntialiasing = false;","\t\t\t\t\tignoreColors = true;","","\t\t\t\t\tif(hasMethod) { param(); }","\t\t\t\t\treturn self;","\t\t\t\t},","\t\t\t\trepaint: function(){","\t\t\t\t\tif(hasMethod) { param(); }","\t\t\t\t\treturn self;","\t\t\t\t},","\t\t\t\tonComplete: function( callback ){","","\t\t\t\t\tupdateCallbackArray.push(callback);","","\t\t\t\t\tvar wrapper = function(){","\t\t\t\t\t\tcompare(fileData, secondFileData);","\t\t\t\t\t};","","\t\t\t\t\twrapper();","","\t\t\t\t\treturn getCompareApi(wrapper);","\t\t\t\t}","\t\t\t};","","\t\t\treturn self;","\t\t}","","\t\treturn {","\t\t\tonComplete: function( callback ){","\t\t\t\tupdateCallbackArray.push(callback);","\t\t\t\tloadImageData(fileData, function(imageData, width, height){","\t\t\t\t\tparseImage(imageData.data, width, height);","\t\t\t\t});","\t\t\t},","\t\t\tcompareTo: function(secondFileData){","\t\t\t\treturn getCompareApi(secondFileData);","\t\t\t}","\t\t};","","\t};","","\tresemble.outputSettings = function(options){","\t\tvar key;","\t\tvar undefined;","","\t\tif(options.errorColor){","\t\t\tfor (key in options.errorColor) {","\t\t\t\terrorPixelColor[key] = options.errorColor[key] === undefined ? errorPixelColor[key] : options.errorColor[key];","\t\t\t}","\t\t}","","\t\tif(options.errorType && errorPixelTransform[options.errorType] ){","\t\t\terrorPixel = errorPixelTransform[options.errorType];","\t\t}","","\t\tpixelTransparency = isNaN(Number(options.transparency)) ? pixelTransparency : options.transparency;","","\t\tif (options.largeImageThreshold !== undefined) {","\t\t\tlargeImageThreshold = options.largeImageThreshold;","\t\t}","","\t\tif (options.useCrossOrigin !== undefined) {","\t\t\tuseCrossOrigin = options.useCrossOrigin;","\t\t}","","\t\treturn this;","\t};","","\treturn resemble;","}));",""],"l":{"6":1,"7":1,"8":0,"9":1,"10":1,"12":0,"17":1,"19":1,"26":1,"28":1,"29":0,"32":1,"34":0,"35":0,"36":0,"37":0,"40":0,"41":0,"42":0,"43":0,"46":0,"47":0,"48":0,"49":0,"52":0,"54":0,"55":0,"56":0,"57":0,"61":1,"62":1,"63":1,"64":1,"66":1,"68":0,"69":0,"70":0,"72":0,"81":0,"82":0,"83":0,"85":1,"86":0,"87":0,"88":0,"89":0,"90":0,"95":1,"96":0,"98":0,"99":0,"100":0,"105":1,"107":0,"108":0,"109":0,"110":0,"111":0,"112":0,"113":0,"114":0,"116":0,"117":0,"118":0,"119":0,"120":0,"121":0,"122":0,"124":0,"125":0,"126":0,"127":0,"128":0,"132":0,"134":0,"135":0,"136":0,"137":0,"138":0,"141":0,"142":0,"143":0,"144":0,"145":0,"146":0,"147":0,"149":0,"152":1,"153":0,"154":0,"156":0,"157":0,"160":0,"161":0,"162":0,"163":0,"166":0,"167":0,"169":0,"170":0,"173":0,"174":0,"176":0,"177":0,"178":0,"181":0,"182":0,"184":0,"185":0,"187":0,"189":0,"192":0,"193":0,"194":0,"195":0,"197":0,"201":0,"203":0,"206":0,"207":0,"208":0,"210":0,"214":1,"216":0,"218":0,"219":0,"221":0,"222":0,"225":0,"226":0,"227":0,"228":0,"230":0,"234":1,"235":0,"236":0,"237":0,"240":1,"241":0,"244":1,"245":0,"246":0,"247":0,"248":0,"251":1,"252":0,"253":0,"254":0,"255":0,"257":0,"260":1,"261":0,"264":1,"266":0,"267":0,"268":0,"269":0,"270":0,"271":0,"273":0,"274":0,"276":0,"277":0,"278":0,"279":0,"280":0,"282":0,"285":0,"288":1,"289":0,"290":0,"291":0,"292":0,"293":0,"294":0,"295":0,"297":0,"299":0,"300":0,"302":0,"306":0,"308":0,"309":0,"312":0,"313":0,"315":0,"316":0,"319":0,"320":0,"323":0,"324":0,"327":0,"328":0,"334":0,"335":0,"338":0,"341":1,"342":0,"343":0,"344":0,"345":0,"348":1,"349":0,"350":0,"351":0,"352":0,"355":1,"356":0,"357":0,"358":0,"359":0,"360":0,"362":0,"365":0,"368":1,"369":0,"372":1,"373":0,"376":1,"378":0,"380":0,"381":0,"383":0,"384":0,"386":0,"387":0,"388":0,"390":0,"391":0,"397":0,"398":0,"399":0,"400":0,"401":0,"404":0,"406":0,"408":0,"409":0,"412":0,"413":0,"415":0,"417":0,"418":0,"419":0,"423":0,"425":0,"426":0,"429":0,"431":0,"432":0,"434":0,"435":0,"437":0,"438":0,"439":0,"441":0,"444":0,"445":0,"447":0,"454":0,"455":0,"457":0,"458":0,"459":0,"462":0,"463":0,"464":0,"469":0,"470":0,"471":0,"472":0,"474":0,"475":0,"477":0,"478":0,"481":0,"483":0,"487":1,"488":0,"490":0,"492":0,"493":0,"495":0,"496":0,"499":0,"501":0,"502":0,"503":0,"504":0,"506":0,"507":0,"508":0,"509":0,"511":0,"514":1,"515":0,"516":0,"518":0,"519":0,"520":0,"521":0,"522":0,"523":0,"524":0,"527":0,"530":1,"532":1,"533":0,"534":0,"535":0,"536":0,"537":0,"538":0,"539":0,"540":0,"542":0,"543":0,"545":0,"546":0,"548":0,"551":0,"553":0,"555":0,"559":0,"560":0,"561":0,"564":1,"566":0,"569":0,"571":0,"574":0,"576":0,"578":0,"579":0,"582":0,"584":0,"585":0,"589":0,"590":0,"591":0,"592":0,"593":0,"594":0,"596":0,"597":0,"599":0,"600":0,"604":0,"605":0,"606":0,"607":0,"608":0,"609":0,"611":0,"612":0,"614":0,"615":0,"619":0,"620":0,"621":0,"622":0,"623":0,"624":0,"626":0,"627":0,"629":0,"630":0,"634":0,"635":0,"636":0,"638":0,"639":0,"641":0,"642":0,"645":0,"646":0,"650":0,"652":0,"653":0,"656":0,"658":0,"662":0,"665":0,"667":0,"668":0,"669":0,"673":0,"679":1,"680":0,"681":0,"683":0,"684":0,"685":0,"689":0,"690":0,"693":0,"695":0,"696":0,"699":0,"700":0,"703":0,"706":1}}}